2019-12-26 23:45:02,652 INFO org.springframework.boot.StartupInfoLogger [main] Starting GlobalProvisioningServiceApplication v0.0.1-SNAPSHOT on C02V400GHTD6 with PID 28802 (/Users/akshayas/Documents/workspace-sts-3.9.0.RELEASE/GlobalProvisioningService/target/global-provisioning-0.0.1-SNAPSHOT.jar started by akshayas in /Users/akshayas/Documents/workspace-sts-3.9.0.RELEASE/GlobalProvisioningService)
2019-12-26 23:45:02,656 DEBUG org.springframework.boot.StartupInfoLogger [main] Running with Spring Boot v2.1.9.RELEASE, Spring v5.1.10.RELEASE
2019-12-26 23:45:02,656 INFO org.springframework.boot.SpringApplication [main] No active profile set, falling back to default profiles: default
2019-12-26 23:45:03,468 INFO org.springframework.data.repository.config.RepositoryConfigurationDelegate [main] Bootstrapping Spring Data repositories in DEFAULT mode.
2019-12-26 23:45:03,538 INFO org.springframework.data.repository.config.RepositoryConfigurationDelegate [main] Finished Spring Data repository scanning in 63ms. Found 2 repository interfaces.
2019-12-26 23:45:03,887 INFO org.springframework.context.support.PostProcessorRegistrationDelegate$BeanPostProcessorChecker [main] Bean 'org.springframework.transaction.annotation.ProxyTransactionManagementConfiguration' of type [org.springframework.transaction.annotation.ProxyTransactionManagementConfiguration$$EnhancerBySpringCGLIB$$286ab1d] is not eligible for getting processed by all BeanPostProcessors (for example: not eligible for auto-proxying)
2019-12-26 23:45:04,089 INFO org.eclipse.jetty.util.log.Log [main] Logging initialized @22277ms to org.eclipse.jetty.util.log.Slf4jLog
2019-12-26 23:45:04,183 INFO org.springframework.boot.web.embedded.jetty.JettyServletWebServerFactory [main] Server initialized with port: 8081
2019-12-26 23:45:04,186 INFO org.eclipse.jetty.server.Server [main] jetty-9.4.19.v20190610; built: 2019-06-10T16:30:51.723Z; git: afcf563148970e98786327af5e07c261fda175d3; jvm 1.8.0_144-b01
2019-12-26 23:45:04,220 INFO org.eclipse.jetty.server.handler.ContextHandler$Context [main] Initializing Spring embedded WebApplicationContext
2019-12-26 23:45:04,220 INFO org.springframework.boot.web.servlet.context.ServletWebServerApplicationContext [main] Root WebApplicationContext: initialization completed in 1520 ms
2019-12-26 23:45:04,332 INFO org.eclipse.jetty.server.session.DefaultSessionIdManager [main] DefaultSessionIdManager workerName=node0
2019-12-26 23:45:04,332 INFO org.eclipse.jetty.server.session.DefaultSessionIdManager [main] No SessionScavenger set, using defaults
2019-12-26 23:45:04,333 INFO org.eclipse.jetty.server.session.HouseKeeper [main] node0 Scavenging every 600000ms
2019-12-26 23:45:04,340 INFO org.eclipse.jetty.server.handler.ContextHandler [main] Started o.s.b.w.e.j.JettyEmbeddedWebAppContext@37654521{application,/,[file:///private/var/folders/jm/6wbg86m14ls3y573xtjkhjkr0000gp/T/jetty-docbase.2652060521788530604.8081/, jar:file:/Users/akshayas/Documents/workspace-sts-3.9.0.RELEASE/GlobalProvisioningService/target/global-provisioning-0.0.1-SNAPSHOT.jar!/BOOT-INF/lib/springfox-swagger-ui-2.7.0.jar!/META-INF/resources],AVAILABLE}
2019-12-26 23:45:04,341 INFO org.eclipse.jetty.server.Server [main] Started @22529ms
2019-12-26 23:45:04,564 INFO com.zaxxer.hikari.HikariDataSource [main] HikariPool-1 - Starting...
2019-12-26 23:45:04,659 INFO com.zaxxer.hikari.HikariDataSource [main] HikariPool-1 - Start completed.
2019-12-26 23:45:04,710 INFO org.hibernate.jpa.internal.util.LogHelper [main] HHH000204: Processing PersistenceUnitInfo [
	name: default
	...]
2019-12-26 23:45:04,771 INFO org.hibernate.Version [main] HHH000412: Hibernate Core {5.3.12.Final}
2019-12-26 23:45:04,774 INFO org.hibernate.cfg.Environment [main] HHH000206: hibernate.properties not found
2019-12-26 23:45:04,901 INFO org.hibernate.annotations.common.reflection.java.JavaReflectionManager [main] HCANN000001: Hibernate Commons Annotations {5.0.4.Final}
2019-12-26 23:45:05,096 INFO org.hibernate.dialect.Dialect [main] HHH000400: Using dialect: org.hibernate.dialect.PostgreSQL9Dialect
2019-12-26 23:45:05,110 INFO org.hibernate.engine.jdbc.env.internal.LobCreatorBuilderImpl [main] HHH000422: Disabling contextual LOB creation as connection was null
2019-12-26 23:45:05,114 INFO org.hibernate.type.BasicTypeRegistry [main] HHH000270: Type registration [java.util.UUID] overrides previous : org.hibernate.type.UUIDBinaryType@4e5ed836
2019-12-26 23:45:05,759 INFO org.hibernate.tool.schema.internal.SchemaCreatorImpl [main] HHH000476: Executing import script 'org.hibernate.tool.schema.internal.exec.ScriptSourceInputNonExistentImpl@27adc16e'
2019-12-26 23:45:05,762 INFO org.springframework.orm.jpa.AbstractEntityManagerFactoryBean [main] Initialized JPA EntityManagerFactory for persistence unit 'default'
2019-12-26 23:45:06,370 WARN org.springframework.boot.autoconfigure.orm.jpa.JpaBaseConfiguration$JpaWebConfiguration$JpaWebMvcConfiguration [main] spring.jpa.open-in-view is enabled by default. Therefore, database queries may be performed during view rendering. Explicitly configure spring.jpa.open-in-view to disable this warning
2019-12-26 23:45:06,510 INFO springfox.documentation.spring.web.PropertySourcedRequestMappingHandlerMapping [main] Mapped URL path [/v2/api-docs] onto method [public org.springframework.http.ResponseEntity<springfox.documentation.spring.web.json.Json> springfox.documentation.swagger2.web.Swagger2Controller.getDocumentation(java.lang.String,javax.servlet.http.HttpServletRequest)]
2019-12-26 23:45:07,070 INFO org.springframework.scheduling.concurrent.ExecutorConfigurationSupport [main] Initializing ExecutorService 'applicationTaskExecutor'
2019-12-26 23:45:07,304 INFO springfox.documentation.spring.web.plugins.DocumentationPluginsBootstrapper [main] Context refreshed
2019-12-26 23:45:07,327 INFO springfox.documentation.spring.web.plugins.DocumentationPluginsBootstrapper [main] Found 1 custom documentation plugin(s)
2019-12-26 23:45:07,373 INFO springfox.documentation.spring.web.scanners.ApiListingReferenceScanner [main] Scanning for api listing references
2019-12-26 23:45:07,505 INFO org.eclipse.jetty.server.handler.ContextHandler$Context [main] Initializing Spring DispatcherServlet 'dispatcherServlet'
2019-12-26 23:45:07,505 INFO org.springframework.web.servlet.FrameworkServlet [main] Initializing Servlet 'dispatcherServlet'
2019-12-26 23:45:07,513 INFO org.springframework.web.servlet.FrameworkServlet [main] Completed initialization in 8 ms
2019-12-26 23:45:07,541 INFO org.eclipse.jetty.server.AbstractConnector [main] Started ServerConnector@2cdd0d4b{HTTP/1.1,[http/1.1]}{0.0.0.0:8081}
2019-12-26 23:45:07,543 INFO org.springframework.boot.web.embedded.jetty.JettyWebServer [main] Jetty started on port(s) 8081 (http/1.1) with context path '/'
2019-12-26 23:45:07,545 INFO org.springframework.boot.StartupInfoLogger [main] Started GlobalProvisioningServiceApplication in 25.3 seconds (JVM running for 25.732)
2019-12-26 23:45:16,014 WARN org.eclipse.jetty.server.HttpChannel [qtp1190820921-20] /user/signup
org.springframework.web.util.NestedServletException: Handler dispatch failed; nested exception is java.lang.StackOverflowError
	at org.springframework.web.servlet.DispatcherServlet.doDispatch(DispatcherServlet.java:1055)
	at org.springframework.web.servlet.DispatcherServlet.doService(DispatcherServlet.java:943)
	at org.springframework.web.servlet.FrameworkServlet.processRequest(FrameworkServlet.java:1006)
	at org.springframework.web.servlet.FrameworkServlet.doPost(FrameworkServlet.java:909)
	at javax.servlet.http.HttpServlet.service(HttpServlet.java:665)
	at org.springframework.web.servlet.FrameworkServlet.service(FrameworkServlet.java:883)
	at javax.servlet.http.HttpServlet.service(HttpServlet.java:750)
	at org.eclipse.jetty.servlet.ServletHolder.handle(ServletHolder.java:876)
	at org.eclipse.jetty.servlet.ServletHandler$CachedChain.doFilter(ServletHandler.java:1623)
	at org.eclipse.jetty.websocket.server.WebSocketUpgradeFilter.doFilter(WebSocketUpgradeFilter.java:214)
	at org.eclipse.jetty.servlet.ServletHandler$CachedChain.doFilter(ServletHandler.java:1610)
	at org.springframework.web.filter.RequestContextFilter.doFilterInternal(RequestContextFilter.java:100)
	at org.springframework.web.filter.OncePerRequestFilter.doFilter(OncePerRequestFilter.java:119)
	at org.eclipse.jetty.servlet.ServletHandler$CachedChain.doFilter(ServletHandler.java:1610)
	at org.springframework.web.filter.FormContentFilter.doFilterInternal(FormContentFilter.java:93)
	at org.springframework.web.filter.OncePerRequestFilter.doFilter(OncePerRequestFilter.java:119)
	at org.eclipse.jetty.servlet.ServletHandler$CachedChain.doFilter(ServletHandler.java:1610)
	at org.springframework.web.filter.HiddenHttpMethodFilter.doFilterInternal(HiddenHttpMethodFilter.java:94)
	at org.springframework.web.filter.OncePerRequestFilter.doFilter(OncePerRequestFilter.java:119)
	at org.eclipse.jetty.servlet.ServletHandler$CachedChain.doFilter(ServletHandler.java:1610)
	at org.springframework.web.filter.CharacterEncodingFilter.doFilterInternal(CharacterEncodingFilter.java:201)
	at org.springframework.web.filter.OncePerRequestFilter.doFilter(OncePerRequestFilter.java:119)
	at org.eclipse.jetty.servlet.ServletHandler$CachedChain.doFilter(ServletHandler.java:1610)
	at org.eclipse.jetty.servlet.ServletHandler.doHandle(ServletHandler.java:540)
	at org.eclipse.jetty.server.handler.ScopedHandler.handle(ScopedHandler.java:146)
	at org.eclipse.jetty.security.SecurityHandler.handle(SecurityHandler.java:548)
	at org.eclipse.jetty.server.handler.HandlerWrapper.handle(HandlerWrapper.java:132)
	at org.eclipse.jetty.server.handler.ScopedHandler.nextHandle(ScopedHandler.java:257)
	at org.eclipse.jetty.server.session.SessionHandler.doHandle(SessionHandler.java:1711)
	at org.eclipse.jetty.server.handler.ScopedHandler.nextHandle(ScopedHandler.java:255)
	at org.eclipse.jetty.server.handler.ContextHandler.doHandle(ContextHandler.java:1347)
	at org.eclipse.jetty.server.handler.ScopedHandler.nextScope(ScopedHandler.java:203)
	at org.eclipse.jetty.servlet.ServletHandler.doScope(ServletHandler.java:480)
	at org.eclipse.jetty.server.session.SessionHandler.doScope(SessionHandler.java:1678)
	at org.eclipse.jetty.server.handler.ScopedHandler.nextScope(ScopedHandler.java:201)
	at org.eclipse.jetty.server.handler.ContextHandler.doScope(ContextHandler.java:1249)
	at org.eclipse.jetty.server.handler.ScopedHandler.handle(ScopedHandler.java:144)
	at org.eclipse.jetty.server.handler.HandlerWrapper.handle(HandlerWrapper.java:132)
	at org.eclipse.jetty.server.Server.handle(Server.java:505)
	at org.eclipse.jetty.server.HttpChannel.handle(HttpChannel.java:370)
	at org.eclipse.jetty.server.HttpConnection.onFillable(HttpConnection.java:267)
	at org.eclipse.jetty.io.AbstractConnection$ReadCallback.succeeded(AbstractConnection.java:305)
	at org.eclipse.jetty.io.FillInterest.fillable(FillInterest.java:103)
	at org.eclipse.jetty.io.ChannelEndPoint$2.run(ChannelEndPoint.java:117)
	at org.eclipse.jetty.util.thread.QueuedThreadPool.runJob(QueuedThreadPool.java:781)
	at org.eclipse.jetty.util.thread.QueuedThreadPool$Runner.run(QueuedThreadPool.java:917)
	at java.lang.Thread.run(Thread.java:748)
Caused by: java.lang.StackOverflowError: null
	at java.util.regex.Matcher.<init>(Matcher.java:229)
	at java.util.regex.Pattern.matcher(Pattern.java:1093)
	at java.util.Formatter.parse(Formatter.java:2547)
	at java.util.Formatter.format(Formatter.java:2501)
	at java.util.Formatter.format(Formatter.java:2455)
	at java.lang.String.format(String.java:2940)
	at com.marvel.gps.util.LoggingUtil.info(LoggingUtil.java:38)
	at com.marvel.gps.util.LoggingUtil.info(LoggingUtil.java:34)
	at com.marvel.gps.util.LoggingUtil.info(LoggingUtil.java:38)
	at com.marvel.gps.util.LoggingUtil.info(LoggingUtil.java:34)
	at com.marvel.gps.util.LoggingUtil.info(LoggingUtil.java:38)
	at com.marvel.gps.util.LoggingUtil.info(LoggingUtil.java:34)
	at com.marvel.gps.util.LoggingUtil.info(LoggingUtil.java:38)
	at com.marvel.gps.util.LoggingUtil.info(LoggingUtil.java:34)
	at com.marvel.gps.util.LoggingUtil.info(LoggingUtil.java:38)
	at com.marvel.gps.util.LoggingUtil.info(LoggingUtil.java:34)
	at com.marvel.gps.util.LoggingUtil.info(LoggingUtil.java:38)
	at com.marvel.gps.util.LoggingUtil.info(LoggingUtil.java:34)
	at com.marvel.gps.util.LoggingUtil.info(LoggingUtil.java:38)
	at com.marvel.gps.util.LoggingUtil.info(LoggingUtil.java:34)
	at com.marvel.gps.util.LoggingUtil.info(LoggingUtil.java:38)
	at com.marvel.gps.util.LoggingUtil.info(LoggingUtil.java:34)
	at com.marvel.gps.util.LoggingUtil.info(LoggingUtil.java:38)
	at com.marvel.gps.util.LoggingUtil.info(LoggingUtil.java:34)
	at com.marvel.gps.util.LoggingUtil.info(LoggingUtil.java:38)
	at com.marvel.gps.util.LoggingUtil.info(LoggingUtil.java:34)
	at com.marvel.gps.util.LoggingUtil.info(LoggingUtil.java:38)
	at com.marvel.gps.util.LoggingUtil.info(LoggingUtil.java:34)
	at com.marvel.gps.util.LoggingUtil.info(LoggingUtil.java:38)
	at com.marvel.gps.util.LoggingUtil.info(LoggingUtil.java:34)
	at com.marvel.gps.util.LoggingUtil.info(LoggingUtil.java:38)
	at com.marvel.gps.util.LoggingUtil.info(LoggingUtil.java:34)
	at com.marvel.gps.util.LoggingUtil.info(LoggingUtil.java:38)
	at com.marvel.gps.util.LoggingUtil.info(LoggingUtil.java:34)
	at com.marvel.gps.util.LoggingUtil.info(LoggingUtil.java:38)
	at com.marvel.gps.util.LoggingUtil.info(LoggingUtil.java:34)
	at com.marvel.gps.util.LoggingUtil.info(LoggingUtil.java:38)
	at com.marvel.gps.util.LoggingUtil.info(LoggingUtil.java:34)
	at com.marvel.gps.util.LoggingUtil.info(LoggingUtil.java:38)
	at com.marvel.gps.util.LoggingUtil.info(LoggingUtil.java:34)
	at com.marvel.gps.util.LoggingUtil.info(LoggingUtil.java:38)
	at com.marvel.gps.util.LoggingUtil.info(LoggingUtil.java:34)
	at com.marvel.gps.util.LoggingUtil.info(LoggingUtil.java:38)
	at com.marvel.gps.util.LoggingUtil.info(LoggingUtil.java:34)
	at com.marvel.gps.util.LoggingUtil.info(LoggingUtil.java:38)
	at com.marvel.gps.util.LoggingUtil.info(LoggingUtil.java:34)
	at com.marvel.gps.util.LoggingUtil.info(LoggingUtil.java:38)
	at com.marvel.gps.util.LoggingUtil.info(LoggingUtil.java:34)
	at com.marvel.gps.util.LoggingUtil.info(LoggingUtil.java:38)
	at com.marvel.gps.util.LoggingUtil.info(LoggingUtil.java:34)
	at com.marvel.gps.util.LoggingUtil.info(LoggingUtil.java:38)
	at com.marvel.gps.util.LoggingUtil.info(LoggingUtil.java:34)
	at com.marvel.gps.util.LoggingUtil.info(LoggingUtil.java:38)
	at com.marvel.gps.util.LoggingUtil.info(LoggingUtil.java:34)
	at com.marvel.gps.util.LoggingUtil.info(LoggingUtil.java:38)
	at com.marvel.gps.util.LoggingUtil.info(LoggingUtil.java:34)
	at com.marvel.gps.util.LoggingUtil.info(LoggingUtil.java:38)
	at com.marvel.gps.util.LoggingUtil.info(LoggingUtil.java:34)
	at com.marvel.gps.util.LoggingUtil.info(LoggingUtil.java:38)
	at com.marvel.gps.util.LoggingUtil.info(LoggingUtil.java:34)
	at com.marvel.gps.util.LoggingUtil.info(LoggingUtil.java:38)
	at com.marvel.gps.util.LoggingUtil.info(LoggingUtil.java:34)
	at com.marvel.gps.util.LoggingUtil.info(LoggingUtil.java:38)
	at com.marvel.gps.util.LoggingUtil.info(LoggingUtil.java:34)
	at com.marvel.gps.util.LoggingUtil.info(LoggingUtil.java:38)
	at com.marvel.gps.util.LoggingUtil.info(LoggingUtil.java:34)
	at com.marvel.gps.util.LoggingUtil.info(LoggingUtil.java:38)
	at com.marvel.gps.util.LoggingUtil.info(LoggingUtil.java:34)
	at com.marvel.gps.util.LoggingUtil.info(LoggingUtil.java:38)
	at com.marvel.gps.util.LoggingUtil.info(LoggingUtil.java:34)
	at com.marvel.gps.util.LoggingUtil.info(LoggingUtil.java:38)
	at com.marvel.gps.util.LoggingUtil.info(LoggingUtil.java:34)
	at com.marvel.gps.util.LoggingUtil.info(LoggingUtil.java:38)
	at com.marvel.gps.util.LoggingUtil.info(LoggingUtil.java:34)
	at com.marvel.gps.util.LoggingUtil.info(LoggingUtil.java:38)
	at com.marvel.gps.util.LoggingUtil.info(LoggingUtil.java:34)
	at com.marvel.gps.util.LoggingUtil.info(LoggingUtil.java:38)
	at com.marvel.gps.util.LoggingUtil.info(LoggingUtil.java:34)
	at com.marvel.gps.util.LoggingUtil.info(LoggingUtil.java:38)
	at com.marvel.gps.util.LoggingUtil.info(LoggingUtil.java:34)
	at com.marvel.gps.util.LoggingUtil.info(LoggingUtil.java:38)
	at com.marvel.gps.util.LoggingUtil.info(LoggingUtil.java:34)
	at com.marvel.gps.util.LoggingUtil.info(LoggingUtil.java:38)
	at com.marvel.gps.util.LoggingUtil.info(LoggingUtil.java:34)
	at com.marvel.gps.util.LoggingUtil.info(LoggingUtil.java:38)
	at com.marvel.gps.util.LoggingUtil.info(LoggingUtil.java:34)
	at com.marvel.gps.util.LoggingUtil.info(LoggingUtil.java:38)
	at com.marvel.gps.util.LoggingUtil.info(LoggingUtil.java:34)
	at com.marvel.gps.util.LoggingUtil.info(LoggingUtil.java:38)
	at com.marvel.gps.util.LoggingUtil.info(LoggingUtil.java:34)
	at com.marvel.gps.util.LoggingUtil.info(LoggingUtil.java:38)
	at com.marvel.gps.util.LoggingUtil.info(LoggingUtil.java:34)
	at com.marvel.gps.util.LoggingUtil.info(LoggingUtil.java:38)
	at com.marvel.gps.util.LoggingUtil.info(LoggingUtil.java:34)
	at com.marvel.gps.util.LoggingUtil.info(LoggingUtil.java:38)
	at com.marvel.gps.util.LoggingUtil.info(LoggingUtil.java:34)
	at com.marvel.gps.util.LoggingUtil.info(LoggingUtil.java:38)
	at com.marvel.gps.util.LoggingUtil.info(LoggingUtil.java:34)
	at com.marvel.gps.util.LoggingUtil.info(LoggingUtil.java:38)
	at com.marvel.gps.util.LoggingUtil.info(LoggingUtil.java:34)
	at com.marvel.gps.util.LoggingUtil.info(LoggingUtil.java:38)
	at com.marvel.gps.util.LoggingUtil.info(LoggingUtil.java:34)
	at com.marvel.gps.util.LoggingUtil.info(LoggingUtil.java:38)
	at com.marvel.gps.util.LoggingUtil.info(LoggingUtil.java:34)
	at com.marvel.gps.util.LoggingUtil.info(LoggingUtil.java:38)
	at com.marvel.gps.util.LoggingUtil.info(LoggingUtil.java:34)
	at com.marvel.gps.util.LoggingUtil.info(LoggingUtil.java:38)
	at com.marvel.gps.util.LoggingUtil.info(LoggingUtil.java:34)
	at com.marvel.gps.util.LoggingUtil.info(LoggingUtil.java:38)
	at com.marvel.gps.util.LoggingUtil.info(LoggingUtil.java:34)
	at com.marvel.gps.util.LoggingUtil.info(LoggingUtil.java:38)
	at com.marvel.gps.util.LoggingUtil.info(LoggingUtil.java:34)
	at com.marvel.gps.util.LoggingUtil.info(LoggingUtil.java:38)
	at com.marvel.gps.util.LoggingUtil.info(LoggingUtil.java:34)
	at com.marvel.gps.util.LoggingUtil.info(LoggingUtil.java:38)
	at com.marvel.gps.util.LoggingUtil.info(LoggingUtil.java:34)
	at com.marvel.gps.util.LoggingUtil.info(LoggingUtil.java:38)
	at com.marvel.gps.util.LoggingUtil.info(LoggingUtil.java:34)
	at com.marvel.gps.util.LoggingUtil.info(LoggingUtil.java:38)
	at com.marvel.gps.util.LoggingUtil.info(LoggingUtil.java:34)
	at com.marvel.gps.util.LoggingUtil.info(LoggingUtil.java:38)
	at com.marvel.gps.util.LoggingUtil.info(LoggingUtil.java:34)
	at com.marvel.gps.util.LoggingUtil.info(LoggingUtil.java:38)
	at com.marvel.gps.util.LoggingUtil.info(LoggingUtil.java:34)
	at com.marvel.gps.util.LoggingUtil.info(LoggingUtil.java:38)
	at com.marvel.gps.util.LoggingUtil.info(LoggingUtil.java:34)
	at com.marvel.gps.util.LoggingUtil.info(LoggingUtil.java:38)
	at com.marvel.gps.util.LoggingUtil.info(LoggingUtil.java:34)
	at com.marvel.gps.util.LoggingUtil.info(LoggingUtil.java:38)
	at com.marvel.gps.util.LoggingUtil.info(LoggingUtil.java:34)
	at com.marvel.gps.util.LoggingUtil.info(LoggingUtil.java:38)
	at com.marvel.gps.util.LoggingUtil.info(LoggingUtil.java:34)
	at com.marvel.gps.util.LoggingUtil.info(LoggingUtil.java:38)
	at com.marvel.gps.util.LoggingUtil.info(LoggingUtil.java:34)
	at com.marvel.gps.util.LoggingUtil.info(LoggingUtil.java:38)
	at com.marvel.gps.util.LoggingUtil.info(LoggingUtil.java:34)
	at com.marvel.gps.util.LoggingUtil.info(LoggingUtil.java:38)
	at com.marvel.gps.util.LoggingUtil.info(LoggingUtil.java:34)
	at com.marvel.gps.util.LoggingUtil.info(LoggingUtil.java:38)
	at com.marvel.gps.util.LoggingUtil.info(LoggingUtil.java:34)
	at com.marvel.gps.util.LoggingUtil.info(LoggingUtil.java:38)
	at com.marvel.gps.util.LoggingUtil.info(LoggingUtil.java:34)
	at com.marvel.gps.util.LoggingUtil.info(LoggingUtil.java:38)
	at com.marvel.gps.util.LoggingUtil.info(LoggingUtil.java:34)
	at com.marvel.gps.util.LoggingUtil.info(LoggingUtil.java:38)
	at com.marvel.gps.util.LoggingUtil.info(LoggingUtil.java:34)
	at com.marvel.gps.util.LoggingUtil.info(LoggingUtil.java:38)
	at com.marvel.gps.util.LoggingUtil.info(LoggingUtil.java:34)
	at com.marvel.gps.util.LoggingUtil.info(LoggingUtil.java:38)
	at com.marvel.gps.util.LoggingUtil.info(LoggingUtil.java:34)
	at com.marvel.gps.util.LoggingUtil.info(LoggingUtil.java:38)
	at com.marvel.gps.util.LoggingUtil.info(LoggingUtil.java:34)
	at com.marvel.gps.util.LoggingUtil.info(LoggingUtil.java:38)
	at com.marvel.gps.util.LoggingUtil.info(LoggingUtil.java:34)
	at com.marvel.gps.util.LoggingUtil.info(LoggingUtil.java:38)
	at com.marvel.gps.util.LoggingUtil.info(LoggingUtil.java:34)
	at com.marvel.gps.util.LoggingUtil.info(LoggingUtil.java:38)
	at com.marvel.gps.util.LoggingUtil.info(LoggingUtil.java:34)
	at com.marvel.gps.util.LoggingUtil.info(LoggingUtil.java:38)
	at com.marvel.gps.util.LoggingUtil.info(LoggingUtil.java:34)
	at com.marvel.gps.util.LoggingUtil.info(LoggingUtil.java:38)
	at com.marvel.gps.util.LoggingUtil.info(LoggingUtil.java:34)
	at com.marvel.gps.util.LoggingUtil.info(LoggingUtil.java:38)
	at com.marvel.gps.util.LoggingUtil.info(LoggingUtil.java:34)
	at com.marvel.gps.util.LoggingUtil.info(LoggingUtil.java:38)
	at com.marvel.gps.util.LoggingUtil.info(LoggingUtil.java:34)
	at com.marvel.gps.util.LoggingUtil.info(LoggingUtil.java:38)
	at com.marvel.gps.util.LoggingUtil.info(LoggingUtil.java:34)
	at com.marvel.gps.util.LoggingUtil.info(LoggingUtil.java:38)
	at com.marvel.gps.util.LoggingUtil.info(LoggingUtil.java:34)
	at com.marvel.gps.util.LoggingUtil.info(LoggingUtil.java:38)
	at com.marvel.gps.util.LoggingUtil.info(LoggingUtil.java:34)
	at com.marvel.gps.util.LoggingUtil.info(LoggingUtil.java:38)
	at com.marvel.gps.util.LoggingUtil.info(LoggingUtil.java:34)
	at com.marvel.gps.util.LoggingUtil.info(LoggingUtil.java:38)
	at com.marvel.gps.util.LoggingUtil.info(LoggingUtil.java:34)
	at com.marvel.gps.util.LoggingUtil.info(LoggingUtil.java:38)
	at com.marvel.gps.util.LoggingUtil.info(LoggingUtil.java:34)
	at com.marvel.gps.util.LoggingUtil.info(LoggingUtil.java:38)
	at com.marvel.gps.util.LoggingUtil.info(LoggingUtil.java:34)
	at com.marvel.gps.util.LoggingUtil.info(LoggingUtil.java:38)
	at com.marvel.gps.util.LoggingUtil.info(LoggingUtil.java:34)
	at com.marvel.gps.util.LoggingUtil.info(LoggingUtil.java:38)
	at com.marvel.gps.util.LoggingUtil.info(LoggingUtil.java:34)
	at com.marvel.gps.util.LoggingUtil.info(LoggingUtil.java:38)
	at com.marvel.gps.util.LoggingUtil.info(LoggingUtil.java:34)
	at com.marvel.gps.util.LoggingUtil.info(LoggingUtil.java:38)
	at com.marvel.gps.util.LoggingUtil.info(LoggingUtil.java:34)
	at com.marvel.gps.util.LoggingUtil.info(LoggingUtil.java:38)
	at com.marvel.gps.util.LoggingUtil.info(LoggingUtil.java:34)
	at com.marvel.gps.util.LoggingUtil.info(LoggingUtil.java:38)
	at com.marvel.gps.util.LoggingUtil.info(LoggingUtil.java:34)
	at com.marvel.gps.util.LoggingUtil.info(LoggingUtil.java:38)
	at com.marvel.gps.util.LoggingUtil.info(LoggingUtil.java:34)
	at com.marvel.gps.util.LoggingUtil.info(LoggingUtil.java:38)
	at com.marvel.gps.util.LoggingUtil.info(LoggingUtil.java:34)
	at com.marvel.gps.util.LoggingUtil.info(LoggingUtil.java:38)
	at com.marvel.gps.util.LoggingUtil.info(LoggingUtil.java:34)
	at com.marvel.gps.util.LoggingUtil.info(LoggingUtil.java:38)
	at com.marvel.gps.util.LoggingUtil.info(LoggingUtil.java:34)
	at com.marvel.gps.util.LoggingUtil.info(LoggingUtil.java:38)
	at com.marvel.gps.util.LoggingUtil.info(LoggingUtil.java:34)
	at com.marvel.gps.util.LoggingUtil.info(LoggingUtil.java:38)
	at com.marvel.gps.util.LoggingUtil.info(LoggingUtil.java:34)
	at com.marvel.gps.util.LoggingUtil.info(LoggingUtil.java:38)
	at com.marvel.gps.util.LoggingUtil.info(LoggingUtil.java:34)
	at com.marvel.gps.util.LoggingUtil.info(LoggingUtil.java:38)
	at com.marvel.gps.util.LoggingUtil.info(LoggingUtil.java:34)
	at com.marvel.gps.util.LoggingUtil.info(LoggingUtil.java:38)
	at com.marvel.gps.util.LoggingUtil.info(LoggingUtil.java:34)
	at com.marvel.gps.util.LoggingUtil.info(LoggingUtil.java:38)
	at com.marvel.gps.util.LoggingUtil.info(LoggingUtil.java:34)
	at com.marvel.gps.util.LoggingUtil.info(LoggingUtil.java:38)
	at com.marvel.gps.util.LoggingUtil.info(LoggingUtil.java:34)
	at com.marvel.gps.util.LoggingUtil.info(LoggingUtil.java:38)
	at com.marvel.gps.util.LoggingUtil.info(LoggingUtil.java:34)
	at com.marvel.gps.util.LoggingUtil.info(LoggingUtil.java:38)
	at com.marvel.gps.util.LoggingUtil.info(LoggingUtil.java:34)
	at com.marvel.gps.util.LoggingUtil.info(LoggingUtil.java:38)
	at com.marvel.gps.util.LoggingUtil.info(LoggingUtil.java:34)
	at com.marvel.gps.util.LoggingUtil.info(LoggingUtil.java:38)
	at com.marvel.gps.util.LoggingUtil.info(LoggingUtil.java:34)
	at com.marvel.gps.util.LoggingUtil.info(LoggingUtil.java:38)
	at com.marvel.gps.util.LoggingUtil.info(LoggingUtil.java:34)
	at com.marvel.gps.util.LoggingUtil.info(LoggingUtil.java:38)
	at com.marvel.gps.util.LoggingUtil.info(LoggingUtil.java:34)
	at com.marvel.gps.util.LoggingUtil.info(LoggingUtil.java:38)
	at com.marvel.gps.util.LoggingUtil.info(LoggingUtil.java:34)
	at com.marvel.gps.util.LoggingUtil.info(LoggingUtil.java:38)
	at com.marvel.gps.util.LoggingUtil.info(LoggingUtil.java:34)
	at com.marvel.gps.util.LoggingUtil.info(LoggingUtil.java:38)
	at com.marvel.gps.util.LoggingUtil.info(LoggingUtil.java:34)
	at com.marvel.gps.util.LoggingUtil.info(LoggingUtil.java:38)
	at com.marvel.gps.util.LoggingUtil.info(LoggingUtil.java:34)
	at com.marvel.gps.util.LoggingUtil.info(LoggingUtil.java:38)
	at com.marvel.gps.util.LoggingUtil.info(LoggingUtil.java:34)
	at com.marvel.gps.util.LoggingUtil.info(LoggingUtil.java:38)
	at com.marvel.gps.util.LoggingUtil.info(LoggingUtil.java:34)
	at com.marvel.gps.util.LoggingUtil.info(LoggingUtil.java:38)
	at com.marvel.gps.util.LoggingUtil.info(LoggingUtil.java:34)
	at com.marvel.gps.util.LoggingUtil.info(LoggingUtil.java:38)
	at com.marvel.gps.util.LoggingUtil.info(LoggingUtil.java:34)
	at com.marvel.gps.util.LoggingUtil.info(LoggingUtil.java:38)
	at com.marvel.gps.util.LoggingUtil.info(LoggingUtil.java:34)
	at com.marvel.gps.util.LoggingUtil.info(LoggingUtil.java:38)
	at com.marvel.gps.util.LoggingUtil.info(LoggingUtil.java:34)
	at com.marvel.gps.util.LoggingUtil.info(LoggingUtil.java:38)
	at com.marvel.gps.util.LoggingUtil.info(LoggingUtil.java:34)
	at com.marvel.gps.util.LoggingUtil.info(LoggingUtil.java:38)
	at com.marvel.gps.util.LoggingUtil.info(LoggingUtil.java:34)
	at com.marvel.gps.util.LoggingUtil.info(LoggingUtil.java:38)
	at com.marvel.gps.util.LoggingUtil.info(LoggingUtil.java:34)
	at com.marvel.gps.util.LoggingUtil.info(LoggingUtil.java:38)
	at com.marvel.gps.util.LoggingUtil.info(LoggingUtil.java:34)
	at com.marvel.gps.util.LoggingUtil.info(LoggingUtil.java:38)
	at com.marvel.gps.util.LoggingUtil.info(LoggingUtil.java:34)
	at com.marvel.gps.util.LoggingUtil.info(LoggingUtil.java:38)
	at com.marvel.gps.util.LoggingUtil.info(LoggingUtil.java:34)
	at com.marvel.gps.util.LoggingUtil.info(LoggingUtil.java:38)
	at com.marvel.gps.util.LoggingUtil.info(LoggingUtil.java:34)
	at com.marvel.gps.util.LoggingUtil.info(LoggingUtil.java:38)
	at com.marvel.gps.util.LoggingUtil.info(LoggingUtil.java:34)
	at com.marvel.gps.util.LoggingUtil.info(LoggingUtil.java:38)
	at com.marvel.gps.util.LoggingUtil.info(LoggingUtil.java:34)
	at com.marvel.gps.util.LoggingUtil.info(LoggingUtil.java:38)
	at com.marvel.gps.util.LoggingUtil.info(LoggingUtil.java:34)
	at com.marvel.gps.util.LoggingUtil.info(LoggingUtil.java:38)
	at com.marvel.gps.util.LoggingUtil.info(LoggingUtil.java:34)
	at com.marvel.gps.util.LoggingUtil.info(LoggingUtil.java:38)
	at com.marvel.gps.util.LoggingUtil.info(LoggingUtil.java:34)
	at com.marvel.gps.util.LoggingUtil.info(LoggingUtil.java:38)
	at com.marvel.gps.util.LoggingUtil.info(LoggingUtil.java:34)
	at com.marvel.gps.util.LoggingUtil.info(LoggingUtil.java:38)
	at com.marvel.gps.util.LoggingUtil.info(LoggingUtil.java:34)
	at com.marvel.gps.util.LoggingUtil.info(LoggingUtil.java:38)
	at com.marvel.gps.util.LoggingUtil.info(LoggingUtil.java:34)
	at com.marvel.gps.util.LoggingUtil.info(LoggingUtil.java:38)
	at com.marvel.gps.util.LoggingUtil.info(LoggingUtil.java:34)
	at com.marvel.gps.util.LoggingUtil.info(LoggingUtil.java:38)
	at com.marvel.gps.util.LoggingUtil.info(LoggingUtil.java:34)
	at com.marvel.gps.util.LoggingUtil.info(LoggingUtil.java:38)
	at com.marvel.gps.util.LoggingUtil.info(LoggingUtil.java:34)
	at com.marvel.gps.util.LoggingUtil.info(LoggingUtil.java:38)
	at com.marvel.gps.util.LoggingUtil.info(LoggingUtil.java:34)
	at com.marvel.gps.util.LoggingUtil.info(LoggingUtil.java:38)
	at com.marvel.gps.util.LoggingUtil.info(LoggingUtil.java:34)
	at com.marvel.gps.util.LoggingUtil.info(LoggingUtil.java:38)
	at com.marvel.gps.util.LoggingUtil.info(LoggingUtil.java:34)
	at com.marvel.gps.util.LoggingUtil.info(LoggingUtil.java:38)
	at com.marvel.gps.util.LoggingUtil.info(LoggingUtil.java:34)
	at com.marvel.gps.util.LoggingUtil.info(LoggingUtil.java:38)
	at com.marvel.gps.util.LoggingUtil.info(LoggingUtil.java:34)
	at com.marvel.gps.util.LoggingUtil.info(LoggingUtil.java:38)
	at com.marvel.gps.util.LoggingUtil.info(LoggingUtil.java:34)
	at com.marvel.gps.util.LoggingUtil.info(LoggingUtil.java:38)
	at com.marvel.gps.util.LoggingUtil.info(LoggingUtil.java:34)
	at com.marvel.gps.util.LoggingUtil.info(LoggingUtil.java:38)
	at com.marvel.gps.util.LoggingUtil.info(LoggingUtil.java:34)
	at com.marvel.gps.util.LoggingUtil.info(LoggingUtil.java:38)
	at com.marvel.gps.util.LoggingUtil.info(LoggingUtil.java:34)
	at com.marvel.gps.util.LoggingUtil.info(LoggingUtil.java:38)
	at com.marvel.gps.util.LoggingUtil.info(LoggingUtil.java:34)
	at com.marvel.gps.util.LoggingUtil.info(LoggingUtil.java:38)
	at com.marvel.gps.util.LoggingUtil.info(LoggingUtil.java:34)
	at com.marvel.gps.util.LoggingUtil.info(LoggingUtil.java:38)
	at com.marvel.gps.util.LoggingUtil.info(LoggingUtil.java:34)
	at com.marvel.gps.util.LoggingUtil.info(LoggingUtil.java:38)
	at com.marvel.gps.util.LoggingUtil.info(LoggingUtil.java:34)
	at com.marvel.gps.util.LoggingUtil.info(LoggingUtil.java:38)
	at com.marvel.gps.util.LoggingUtil.info(LoggingUtil.java:34)
	at com.marvel.gps.util.LoggingUtil.info(LoggingUtil.java:38)
	at com.marvel.gps.util.LoggingUtil.info(LoggingUtil.java:34)
	at com.marvel.gps.util.LoggingUtil.info(LoggingUtil.java:38)
	at com.marvel.gps.util.LoggingUtil.info(LoggingUtil.java:34)
	at com.marvel.gps.util.LoggingUtil.info(LoggingUtil.java:38)
	at com.marvel.gps.util.LoggingUtil.info(LoggingUtil.java:34)
	at com.marvel.gps.util.LoggingUtil.info(LoggingUtil.java:38)
	at com.marvel.gps.util.LoggingUtil.info(LoggingUtil.java:34)
	at com.marvel.gps.util.LoggingUtil.info(LoggingUtil.java:38)
	at com.marvel.gps.util.LoggingUtil.info(LoggingUtil.java:34)
	at com.marvel.gps.util.LoggingUtil.info(LoggingUtil.java:38)
	at com.marvel.gps.util.LoggingUtil.info(LoggingUtil.java:34)
	at com.marvel.gps.util.LoggingUtil.info(LoggingUtil.java:38)
	at com.marvel.gps.util.LoggingUtil.info(LoggingUtil.java:34)
	at com.marvel.gps.util.LoggingUtil.info(LoggingUtil.java:38)
	at com.marvel.gps.util.LoggingUtil.info(LoggingUtil.java:34)
	at com.marvel.gps.util.LoggingUtil.info(LoggingUtil.java:38)
	at com.marvel.gps.util.LoggingUtil.info(LoggingUtil.java:34)
	at com.marvel.gps.util.LoggingUtil.info(LoggingUtil.java:38)
	at com.marvel.gps.util.LoggingUtil.info(LoggingUtil.java:34)
	at com.marvel.gps.util.LoggingUtil.info(LoggingUtil.java:38)
	at com.marvel.gps.util.LoggingUtil.info(LoggingUtil.java:34)
	at com.marvel.gps.util.LoggingUtil.info(LoggingUtil.java:38)
	at com.marvel.gps.util.LoggingUtil.info(LoggingUtil.java:34)
	at com.marvel.gps.util.LoggingUtil.info(LoggingUtil.java:38)
	at com.marvel.gps.util.LoggingUtil.info(LoggingUtil.java:34)
	at com.marvel.gps.util.LoggingUtil.info(LoggingUtil.java:38)
	at com.marvel.gps.util.LoggingUtil.info(LoggingUtil.java:34)
	at com.marvel.gps.util.LoggingUtil.info(LoggingUtil.java:38)
	at com.marvel.gps.util.LoggingUtil.info(LoggingUtil.java:34)
	at com.marvel.gps.util.LoggingUtil.info(LoggingUtil.java:38)
	at com.marvel.gps.util.LoggingUtil.info(LoggingUtil.java:34)
	at com.marvel.gps.util.LoggingUtil.info(LoggingUtil.java:38)
	at com.marvel.gps.util.LoggingUtil.info(LoggingUtil.java:34)
	at com.marvel.gps.util.LoggingUtil.info(LoggingUtil.java:38)
	at com.marvel.gps.util.LoggingUtil.info(LoggingUtil.java:34)
	at com.marvel.gps.util.LoggingUtil.info(LoggingUtil.java:38)
	at com.marvel.gps.util.LoggingUtil.info(LoggingUtil.java:34)
	at com.marvel.gps.util.LoggingUtil.info(LoggingUtil.java:38)
	at com.marvel.gps.util.LoggingUtil.info(LoggingUtil.java:34)
	at com.marvel.gps.util.LoggingUtil.info(LoggingUtil.java:38)
	at com.marvel.gps.util.LoggingUtil.info(LoggingUtil.java:34)
	at com.marvel.gps.util.LoggingUtil.info(LoggingUtil.java:38)
	at com.marvel.gps.util.LoggingUtil.info(LoggingUtil.java:34)
	at com.marvel.gps.util.LoggingUtil.info(LoggingUtil.java:38)
	at com.marvel.gps.util.LoggingUtil.info(LoggingUtil.java:34)
	at com.marvel.gps.util.LoggingUtil.info(LoggingUtil.java:38)
	at com.marvel.gps.util.LoggingUtil.info(LoggingUtil.java:34)
	at com.marvel.gps.util.LoggingUtil.info(LoggingUtil.java:38)
	at com.marvel.gps.util.LoggingUtil.info(LoggingUtil.java:34)
	at com.marvel.gps.util.LoggingUtil.info(LoggingUtil.java:38)
	at com.marvel.gps.util.LoggingUtil.info(LoggingUtil.java:34)
	at com.marvel.gps.util.LoggingUtil.info(LoggingUtil.java:38)
	at com.marvel.gps.util.LoggingUtil.info(LoggingUtil.java:34)
	at com.marvel.gps.util.LoggingUtil.info(LoggingUtil.java:38)
	at com.marvel.gps.util.LoggingUtil.info(LoggingUtil.java:34)
	at com.marvel.gps.util.LoggingUtil.info(LoggingUtil.java:38)
	at com.marvel.gps.util.LoggingUtil.info(LoggingUtil.java:34)
	at com.marvel.gps.util.LoggingUtil.info(LoggingUtil.java:38)
	at com.marvel.gps.util.LoggingUtil.info(LoggingUtil.java:34)
	at com.marvel.gps.util.LoggingUtil.info(LoggingUtil.java:38)
	at com.marvel.gps.util.LoggingUtil.info(LoggingUtil.java:34)
	at com.marvel.gps.util.LoggingUtil.info(LoggingUtil.java:38)
	at com.marvel.gps.util.LoggingUtil.info(LoggingUtil.java:34)
	at com.marvel.gps.util.LoggingUtil.info(LoggingUtil.java:38)
	at com.marvel.gps.util.LoggingUtil.info(LoggingUtil.java:34)
	at com.marvel.gps.util.LoggingUtil.info(LoggingUtil.java:38)
	at com.marvel.gps.util.LoggingUtil.info(LoggingUtil.java:34)
	at com.marvel.gps.util.LoggingUtil.info(LoggingUtil.java:38)
	at com.marvel.gps.util.LoggingUtil.info(LoggingUtil.java:34)
	at com.marvel.gps.util.LoggingUtil.info(LoggingUtil.java:38)
	at com.marvel.gps.util.LoggingUtil.info(LoggingUtil.java:34)
	at com.marvel.gps.util.LoggingUtil.info(LoggingUtil.java:38)
	at com.marvel.gps.util.LoggingUtil.info(LoggingUtil.java:34)
	at com.marvel.gps.util.LoggingUtil.info(LoggingUtil.java:38)
	at com.marvel.gps.util.LoggingUtil.info(LoggingUtil.java:34)
	at com.marvel.gps.util.LoggingUtil.info(LoggingUtil.java:38)
	at com.marvel.gps.util.LoggingUtil.info(LoggingUtil.java:34)
	at com.marvel.gps.util.LoggingUtil.info(LoggingUtil.java:38)
	at com.marvel.gps.util.LoggingUtil.info(LoggingUtil.java:34)
	at com.marvel.gps.util.LoggingUtil.info(LoggingUtil.java:38)
	at com.marvel.gps.util.LoggingUtil.info(LoggingUtil.java:34)
	at com.marvel.gps.util.LoggingUtil.info(LoggingUtil.java:38)
	at com.marvel.gps.util.LoggingUtil.info(LoggingUtil.java:34)
	at com.marvel.gps.util.LoggingUtil.info(LoggingUtil.java:38)
	at com.marvel.gps.util.LoggingUtil.info(LoggingUtil.java:34)
	at com.marvel.gps.util.LoggingUtil.info(LoggingUtil.java:38)
	at com.marvel.gps.util.LoggingUtil.info(LoggingUtil.java:34)
	at com.marvel.gps.util.LoggingUtil.info(LoggingUtil.java:38)
	at com.marvel.gps.util.LoggingUtil.info(LoggingUtil.java:34)
	at com.marvel.gps.util.LoggingUtil.info(LoggingUtil.java:38)
	at com.marvel.gps.util.LoggingUtil.info(LoggingUtil.java:34)
	at com.marvel.gps.util.LoggingUtil.info(LoggingUtil.java:38)
	at com.marvel.gps.util.LoggingUtil.info(LoggingUtil.java:34)
	at com.marvel.gps.util.LoggingUtil.info(LoggingUtil.java:38)
	at com.marvel.gps.util.LoggingUtil.info(LoggingUtil.java:34)
	at com.marvel.gps.util.LoggingUtil.info(LoggingUtil.java:38)
	at com.marvel.gps.util.LoggingUtil.info(LoggingUtil.java:34)
	at com.marvel.gps.util.LoggingUtil.info(LoggingUtil.java:38)
	at com.marvel.gps.util.LoggingUtil.info(LoggingUtil.java:34)
	at com.marvel.gps.util.LoggingUtil.info(LoggingUtil.java:38)
	at com.marvel.gps.util.LoggingUtil.info(LoggingUtil.java:34)
	at com.marvel.gps.util.LoggingUtil.info(LoggingUtil.java:38)
	at com.marvel.gps.util.LoggingUtil.info(LoggingUtil.java:34)
	at com.marvel.gps.util.LoggingUtil.info(LoggingUtil.java:38)
	at com.marvel.gps.util.LoggingUtil.info(LoggingUtil.java:34)
	at com.marvel.gps.util.LoggingUtil.info(LoggingUtil.java:38)
	at com.marvel.gps.util.LoggingUtil.info(LoggingUtil.java:34)
	at com.marvel.gps.util.LoggingUtil.info(LoggingUtil.java:38)
	at com.marvel.gps.util.LoggingUtil.info(LoggingUtil.java:34)
	at com.marvel.gps.util.LoggingUtil.info(LoggingUtil.java:38)
	at com.marvel.gps.util.LoggingUtil.info(LoggingUtil.java:34)
	at com.marvel.gps.util.LoggingUtil.info(LoggingUtil.java:38)
	at com.marvel.gps.util.LoggingUtil.info(LoggingUtil.java:34)
	at com.marvel.gps.util.LoggingUtil.info(LoggingUtil.java:38)
	at com.marvel.gps.util.LoggingUtil.info(LoggingUtil.java:34)
	at com.marvel.gps.util.LoggingUtil.info(LoggingUtil.java:38)
	at com.marvel.gps.util.LoggingUtil.info(LoggingUtil.java:34)
	at com.marvel.gps.util.LoggingUtil.info(LoggingUtil.java:38)
	at com.marvel.gps.util.LoggingUtil.info(LoggingUtil.java:34)
	at com.marvel.gps.util.LoggingUtil.info(LoggingUtil.java:38)
	at com.marvel.gps.util.LoggingUtil.info(LoggingUtil.java:34)
	at com.marvel.gps.util.LoggingUtil.info(LoggingUtil.java:38)
	at com.marvel.gps.util.LoggingUtil.info(LoggingUtil.java:34)
	at com.marvel.gps.util.LoggingUtil.info(LoggingUtil.java:38)
	at com.marvel.gps.util.LoggingUtil.info(LoggingUtil.java:34)
	at com.marvel.gps.util.LoggingUtil.info(LoggingUtil.java:38)
	at com.marvel.gps.util.LoggingUtil.info(LoggingUtil.java:34)
	at com.marvel.gps.util.LoggingUtil.info(LoggingUtil.java:38)
	at com.marvel.gps.util.LoggingUtil.info(LoggingUtil.java:34)
	at com.marvel.gps.util.LoggingUtil.info(LoggingUtil.java:38)
	at com.marvel.gps.util.LoggingUtil.info(LoggingUtil.java:34)
	at com.marvel.gps.util.LoggingUtil.info(LoggingUtil.java:38)
	at com.marvel.gps.util.LoggingUtil.info(LoggingUtil.java:34)
	at com.marvel.gps.util.LoggingUtil.info(LoggingUtil.java:38)
	at com.marvel.gps.util.LoggingUtil.info(LoggingUtil.java:34)
	at com.marvel.gps.util.LoggingUtil.info(LoggingUtil.java:38)
	at com.marvel.gps.util.LoggingUtil.info(LoggingUtil.java:34)
	at com.marvel.gps.util.LoggingUtil.info(LoggingUtil.java:38)
	at com.marvel.gps.util.LoggingUtil.info(LoggingUtil.java:34)
	at com.marvel.gps.util.LoggingUtil.info(LoggingUtil.java:38)
	at com.marvel.gps.util.LoggingUtil.info(LoggingUtil.java:34)
	at com.marvel.gps.util.LoggingUtil.info(LoggingUtil.java:38)
	at com.marvel.gps.util.LoggingUtil.info(LoggingUtil.java:34)
	at com.marvel.gps.util.LoggingUtil.info(LoggingUtil.java:38)
	at com.marvel.gps.util.LoggingUtil.info(LoggingUtil.java:34)
	at com.marvel.gps.util.LoggingUtil.info(LoggingUtil.java:38)
	at com.marvel.gps.util.LoggingUtil.info(LoggingUtil.java:34)
	at com.marvel.gps.util.LoggingUtil.info(LoggingUtil.java:38)
	at com.marvel.gps.util.LoggingUtil.info(LoggingUtil.java:34)
	at com.marvel.gps.util.LoggingUtil.info(LoggingUtil.java:38)
	at com.marvel.gps.util.LoggingUtil.info(LoggingUtil.java:34)
	at com.marvel.gps.util.LoggingUtil.info(LoggingUtil.java:38)
	at com.marvel.gps.util.LoggingUtil.info(LoggingUtil.java:34)
	at com.marvel.gps.util.LoggingUtil.info(LoggingUtil.java:38)
	at com.marvel.gps.util.LoggingUtil.info(LoggingUtil.java:34)
	at com.marvel.gps.util.LoggingUtil.info(LoggingUtil.java:38)
	at com.marvel.gps.util.LoggingUtil.info(LoggingUtil.java:34)
	at com.marvel.gps.util.LoggingUtil.info(LoggingUtil.java:38)
	at com.marvel.gps.util.LoggingUtil.info(LoggingUtil.java:34)
	at com.marvel.gps.util.LoggingUtil.info(LoggingUtil.java:38)
	at com.marvel.gps.util.LoggingUtil.info(LoggingUtil.java:34)
	at com.marvel.gps.util.LoggingUtil.info(LoggingUtil.java:38)
	at com.marvel.gps.util.LoggingUtil.info(LoggingUtil.java:34)
	at com.marvel.gps.util.LoggingUtil.info(LoggingUtil.java:38)
	at com.marvel.gps.util.LoggingUtil.info(LoggingUtil.java:34)
	at com.marvel.gps.util.LoggingUtil.info(LoggingUtil.java:38)
	at com.marvel.gps.util.LoggingUtil.info(LoggingUtil.java:34)
	at com.marvel.gps.util.LoggingUtil.info(LoggingUtil.java:38)
	at com.marvel.gps.util.LoggingUtil.info(LoggingUtil.java:34)
	at com.marvel.gps.util.LoggingUtil.info(LoggingUtil.java:38)
	at com.marvel.gps.util.LoggingUtil.info(LoggingUtil.java:34)
	at com.marvel.gps.util.LoggingUtil.info(LoggingUtil.java:38)
	at com.marvel.gps.util.LoggingUtil.info(LoggingUtil.java:34)
	at com.marvel.gps.util.LoggingUtil.info(LoggingUtil.java:38)
	at com.marvel.gps.util.LoggingUtil.info(LoggingUtil.java:34)
	at com.marvel.gps.util.LoggingUtil.info(LoggingUtil.java:38)
	at com.marvel.gps.util.LoggingUtil.info(LoggingUtil.java:34)
	at com.marvel.gps.util.LoggingUtil.info(LoggingUtil.java:38)
	at com.marvel.gps.util.LoggingUtil.info(LoggingUtil.java:34)
	at com.marvel.gps.util.LoggingUtil.info(LoggingUtil.java:38)
	at com.marvel.gps.util.LoggingUtil.info(LoggingUtil.java:34)
	at com.marvel.gps.util.LoggingUtil.info(LoggingUtil.java:38)
	at com.marvel.gps.util.LoggingUtil.info(LoggingUtil.java:34)
	at com.marvel.gps.util.LoggingUtil.info(LoggingUtil.java:38)
	at com.marvel.gps.util.LoggingUtil.info(LoggingUtil.java:34)
	at com.marvel.gps.util.LoggingUtil.info(LoggingUtil.java:38)
	at com.marvel.gps.util.LoggingUtil.info(LoggingUtil.java:34)
	at com.marvel.gps.util.LoggingUtil.info(LoggingUtil.java:38)
	at com.marvel.gps.util.LoggingUtil.info(LoggingUtil.java:34)
	at com.marvel.gps.util.LoggingUtil.info(LoggingUtil.java:38)
	at com.marvel.gps.util.LoggingUtil.info(LoggingUtil.java:34)
	at com.marvel.gps.util.LoggingUtil.info(LoggingUtil.java:38)
	at com.marvel.gps.util.LoggingUtil.info(LoggingUtil.java:34)
	at com.marvel.gps.util.LoggingUtil.info(LoggingUtil.java:38)
	at com.marvel.gps.util.LoggingUtil.info(LoggingUtil.java:34)
	at com.marvel.gps.util.LoggingUtil.info(LoggingUtil.java:38)
	at com.marvel.gps.util.LoggingUtil.info(LoggingUtil.java:34)
	at com.marvel.gps.util.LoggingUtil.info(LoggingUtil.java:38)
	at com.marvel.gps.util.LoggingUtil.info(LoggingUtil.java:34)
	at com.marvel.gps.util.LoggingUtil.info(LoggingUtil.java:38)
	at com.marvel.gps.util.LoggingUtil.info(LoggingUtil.java:34)
	at com.marvel.gps.util.LoggingUtil.info(LoggingUtil.java:38)
	at com.marvel.gps.util.LoggingUtil.info(LoggingUtil.java:34)
	at com.marvel.gps.util.LoggingUtil.info(LoggingUtil.java:38)
	at com.marvel.gps.util.LoggingUtil.info(LoggingUtil.java:34)
	at com.marvel.gps.util.LoggingUtil.info(LoggingUtil.java:38)
	at com.marvel.gps.util.LoggingUtil.info(LoggingUtil.java:34)
	at com.marvel.gps.util.LoggingUtil.info(LoggingUtil.java:38)
	at com.marvel.gps.util.LoggingUtil.info(LoggingUtil.java:34)
	at com.marvel.gps.util.LoggingUtil.info(LoggingUtil.java:38)
	at com.marvel.gps.util.LoggingUtil.info(LoggingUtil.java:34)
	at com.marvel.gps.util.LoggingUtil.info(LoggingUtil.java:38)
	at com.marvel.gps.util.LoggingUtil.info(LoggingUtil.java:34)
	at com.marvel.gps.util.LoggingUtil.info(LoggingUtil.java:38)
	at com.marvel.gps.util.LoggingUtil.info(LoggingUtil.java:34)
	at com.marvel.gps.util.LoggingUtil.info(LoggingUtil.java:38)
	at com.marvel.gps.util.LoggingUtil.info(LoggingUtil.java:34)
	at com.marvel.gps.util.LoggingUtil.info(LoggingUtil.java:38)
	at com.marvel.gps.util.LoggingUtil.info(LoggingUtil.java:34)
	at com.marvel.gps.util.LoggingUtil.info(LoggingUtil.java:38)
	at com.marvel.gps.util.LoggingUtil.info(LoggingUtil.java:34)
	at com.marvel.gps.util.LoggingUtil.info(LoggingUtil.java:38)
	at com.marvel.gps.util.LoggingUtil.info(LoggingUtil.java:34)
	at com.marvel.gps.util.LoggingUtil.info(LoggingUtil.java:38)
	at com.marvel.gps.util.LoggingUtil.info(LoggingUtil.java:34)
	at com.marvel.gps.util.LoggingUtil.info(LoggingUtil.java:38)
	at com.marvel.gps.util.LoggingUtil.info(LoggingUtil.java:34)
	at com.marvel.gps.util.LoggingUtil.info(LoggingUtil.java:38)
	at com.marvel.gps.util.LoggingUtil.info(LoggingUtil.java:34)
	at com.marvel.gps.util.LoggingUtil.info(LoggingUtil.java:38)
	at com.marvel.gps.util.LoggingUtil.info(LoggingUtil.java:34)
	at com.marvel.gps.util.LoggingUtil.info(LoggingUtil.java:38)
	at com.marvel.gps.util.LoggingUtil.info(LoggingUtil.java:34)
	at com.marvel.gps.util.LoggingUtil.info(LoggingUtil.java:38)
	at com.marvel.gps.util.LoggingUtil.info(LoggingUtil.java:34)
	at com.marvel.gps.util.LoggingUtil.info(LoggingUtil.java:38)
	at com.marvel.gps.util.LoggingUtil.info(LoggingUtil.java:34)
	at com.marvel.gps.util.LoggingUtil.info(LoggingUtil.java:38)
	at com.marvel.gps.util.LoggingUtil.info(LoggingUtil.java:34)
	at com.marvel.gps.util.LoggingUtil.info(LoggingUtil.java:38)
	at com.marvel.gps.util.LoggingUtil.info(LoggingUtil.java:34)
	at com.marvel.gps.util.LoggingUtil.info(LoggingUtil.java:38)
	at com.marvel.gps.util.LoggingUtil.info(LoggingUtil.java:34)
	at com.marvel.gps.util.LoggingUtil.info(LoggingUtil.java:38)
	at com.marvel.gps.util.LoggingUtil.info(LoggingUtil.java:34)
	at com.marvel.gps.util.LoggingUtil.info(LoggingUtil.java:38)
	at com.marvel.gps.util.LoggingUtil.info(LoggingUtil.java:34)
	at com.marvel.gps.util.LoggingUtil.info(LoggingUtil.java:38)
	at com.marvel.gps.util.LoggingUtil.info(LoggingUtil.java:34)
	at com.marvel.gps.util.LoggingUtil.info(LoggingUtil.java:38)
	at com.marvel.gps.util.LoggingUtil.info(LoggingUtil.java:34)
	at com.marvel.gps.util.LoggingUtil.info(LoggingUtil.java:38)
	at com.marvel.gps.util.LoggingUtil.info(LoggingUtil.java:34)
	at com.marvel.gps.util.LoggingUtil.info(LoggingUtil.java:38)
	at com.marvel.gps.util.LoggingUtil.info(LoggingUtil.java:34)
	at com.marvel.gps.util.LoggingUtil.info(LoggingUtil.java:38)
	at com.marvel.gps.util.LoggingUtil.info(LoggingUtil.java:34)
	at com.marvel.gps.util.LoggingUtil.info(LoggingUtil.java:38)
	at com.marvel.gps.util.LoggingUtil.info(LoggingUtil.java:34)
	at com.marvel.gps.util.LoggingUtil.info(LoggingUtil.java:38)
	at com.marvel.gps.util.LoggingUtil.info(LoggingUtil.java:34)
	at com.marvel.gps.util.LoggingUtil.info(LoggingUtil.java:38)
	at com.marvel.gps.util.LoggingUtil.info(LoggingUtil.java:34)
	at com.marvel.gps.util.LoggingUtil.info(LoggingUtil.java:38)
	at com.marvel.gps.util.LoggingUtil.info(LoggingUtil.java:34)
	at com.marvel.gps.util.LoggingUtil.info(LoggingUtil.java:38)
	at com.marvel.gps.util.LoggingUtil.info(LoggingUtil.java:34)
	at com.marvel.gps.util.LoggingUtil.info(LoggingUtil.java:38)
	at com.marvel.gps.util.LoggingUtil.info(LoggingUtil.java:34)
	at com.marvel.gps.util.LoggingUtil.info(LoggingUtil.java:38)
	at com.marvel.gps.util.LoggingUtil.info(LoggingUtil.java:34)
	at com.marvel.gps.util.LoggingUtil.info(LoggingUtil.java:38)
	at com.marvel.gps.util.LoggingUtil.info(LoggingUtil.java:34)
	at com.marvel.gps.util.LoggingUtil.info(LoggingUtil.java:38)
	at com.marvel.gps.util.LoggingUtil.info(LoggingUtil.java:34)
	at com.marvel.gps.util.LoggingUtil.info(LoggingUtil.java:38)
	at com.marvel.gps.util.LoggingUtil.info(LoggingUtil.java:34)
	at com.marvel.gps.util.LoggingUtil.info(LoggingUtil.java:38)
	at com.marvel.gps.util.LoggingUtil.info(LoggingUtil.java:34)
	at com.marvel.gps.util.LoggingUtil.info(LoggingUtil.java:38)
	at com.marvel.gps.util.LoggingUtil.info(LoggingUtil.java:34)
	at com.marvel.gps.util.LoggingUtil.info(LoggingUtil.java:38)
	at com.marvel.gps.util.LoggingUtil.info(LoggingUtil.java:34)
	at com.marvel.gps.util.LoggingUtil.info(LoggingUtil.java:38)
	at com.marvel.gps.util.LoggingUtil.info(LoggingUtil.java:34)
	at com.marvel.gps.util.LoggingUtil.info(LoggingUtil.java:38)
	at com.marvel.gps.util.LoggingUtil.info(LoggingUtil.java:34)
	at com.marvel.gps.util.LoggingUtil.info(LoggingUtil.java:38)
	at com.marvel.gps.util.LoggingUtil.info(LoggingUtil.java:34)
	at com.marvel.gps.util.LoggingUtil.info(LoggingUtil.java:38)
	at com.marvel.gps.util.LoggingUtil.info(LoggingUtil.java:34)
	at com.marvel.gps.util.LoggingUtil.info(LoggingUtil.java:38)
	at com.marvel.gps.util.LoggingUtil.info(LoggingUtil.java:34)
	at com.marvel.gps.util.LoggingUtil.info(LoggingUtil.java:38)
	at com.marvel.gps.util.LoggingUtil.info(LoggingUtil.java:34)
	at com.marvel.gps.util.LoggingUtil.info(LoggingUtil.java:38)
	at com.marvel.gps.util.LoggingUtil.info(LoggingUtil.java:34)
	at com.marvel.gps.util.LoggingUtil.info(LoggingUtil.java:38)
	at com.marvel.gps.util.LoggingUtil.info(LoggingUtil.java:34)
	at com.marvel.gps.util.LoggingUtil.info(LoggingUtil.java:38)
	at com.marvel.gps.util.LoggingUtil.info(LoggingUtil.java:34)
	at com.marvel.gps.util.LoggingUtil.info(LoggingUtil.java:38)
	at com.marvel.gps.util.LoggingUtil.info(LoggingUtil.java:34)
	at com.marvel.gps.util.LoggingUtil.info(LoggingUtil.java:38)
	at com.marvel.gps.util.LoggingUtil.info(LoggingUtil.java:34)
	at com.marvel.gps.util.LoggingUtil.info(LoggingUtil.java:38)
	at com.marvel.gps.util.LoggingUtil.info(LoggingUtil.java:34)
	at com.marvel.gps.util.LoggingUtil.info(LoggingUtil.java:38)
	at com.marvel.gps.util.LoggingUtil.info(LoggingUtil.java:34)
	at com.marvel.gps.util.LoggingUtil.info(LoggingUtil.java:38)
	at com.marvel.gps.util.LoggingUtil.info(LoggingUtil.java:34)
	at com.marvel.gps.util.LoggingUtil.info(LoggingUtil.java:38)
	at com.marvel.gps.util.LoggingUtil.info(LoggingUtil.java:34)
	at com.marvel.gps.util.LoggingUtil.info(LoggingUtil.java:38)
	at com.marvel.gps.util.LoggingUtil.info(LoggingUtil.java:34)
	at com.marvel.gps.util.LoggingUtil.info(LoggingUtil.java:38)
	at com.marvel.gps.util.LoggingUtil.info(LoggingUtil.java:34)
	at com.marvel.gps.util.LoggingUtil.info(LoggingUtil.java:38)
	at com.marvel.gps.util.LoggingUtil.info(LoggingUtil.java:34)
	at com.marvel.gps.util.LoggingUtil.info(LoggingUtil.java:38)
	at com.marvel.gps.util.LoggingUtil.info(LoggingUtil.java:34)
	at com.marvel.gps.util.LoggingUtil.info(LoggingUtil.java:38)
	at com.marvel.gps.util.LoggingUtil.info(LoggingUtil.java:34)
	at com.marvel.gps.util.LoggingUtil.info(LoggingUtil.java:38)
	at com.marvel.gps.util.LoggingUtil.info(LoggingUtil.java:34)
	at com.marvel.gps.util.LoggingUtil.info(LoggingUtil.java:38)
	at com.marvel.gps.util.LoggingUtil.info(LoggingUtil.java:34)
	at com.marvel.gps.util.LoggingUtil.info(LoggingUtil.java:38)
	at com.marvel.gps.util.LoggingUtil.info(LoggingUtil.java:34)
	at com.marvel.gps.util.LoggingUtil.info(LoggingUtil.java:38)
	at com.marvel.gps.util.LoggingUtil.info(LoggingUtil.java:34)
	at com.marvel.gps.util.LoggingUtil.info(LoggingUtil.java:38)
	at com.marvel.gps.util.LoggingUtil.info(LoggingUtil.java:34)
	at com.marvel.gps.util.LoggingUtil.info(LoggingUtil.java:38)
	at com.marvel.gps.util.LoggingUtil.info(LoggingUtil.java:34)
	at com.marvel.gps.util.LoggingUtil.info(LoggingUtil.java:38)
	at com.marvel.gps.util.LoggingUtil.info(LoggingUtil.java:34)
	at com.marvel.gps.util.LoggingUtil.info(LoggingUtil.java:38)
	at com.marvel.gps.util.LoggingUtil.info(LoggingUtil.java:34)
	at com.marvel.gps.util.LoggingUtil.info(LoggingUtil.java:38)
	at com.marvel.gps.util.LoggingUtil.info(LoggingUtil.java:34)
	at com.marvel.gps.util.LoggingUtil.info(LoggingUtil.java:38)
	at com.marvel.gps.util.LoggingUtil.info(LoggingUtil.java:34)
	at com.marvel.gps.util.LoggingUtil.info(LoggingUtil.java:38)
	at com.marvel.gps.util.LoggingUtil.info(LoggingUtil.java:34)
	at com.marvel.gps.util.LoggingUtil.info(LoggingUtil.java:38)
	at com.marvel.gps.util.LoggingUtil.info(LoggingUtil.java:34)
	at com.marvel.gps.util.LoggingUtil.info(LoggingUtil.java:38)
	at com.marvel.gps.util.LoggingUtil.info(LoggingUtil.java:34)
	at com.marvel.gps.util.LoggingUtil.info(LoggingUtil.java:38)
	at com.marvel.gps.util.LoggingUtil.info(LoggingUtil.java:34)
	at com.marvel.gps.util.LoggingUtil.info(LoggingUtil.java:38)
	at com.marvel.gps.util.LoggingUtil.info(LoggingUtil.java:34)
	at com.marvel.gps.util.LoggingUtil.info(LoggingUtil.java:38)
	at com.marvel.gps.util.LoggingUtil.info(LoggingUtil.java:34)
	at com.marvel.gps.util.LoggingUtil.info(LoggingUtil.java:38)
	at com.marvel.gps.util.LoggingUtil.info(LoggingUtil.java:34)
	at com.marvel.gps.util.LoggingUtil.info(LoggingUtil.java:38)
	at com.marvel.gps.util.LoggingUtil.info(LoggingUtil.java:34)
	at com.marvel.gps.util.LoggingUtil.info(LoggingUtil.java:38)
	at com.marvel.gps.util.LoggingUtil.info(LoggingUtil.java:34)
	at com.marvel.gps.util.LoggingUtil.info(LoggingUtil.java:38)
	at com.marvel.gps.util.LoggingUtil.info(LoggingUtil.java:34)
	at com.marvel.gps.util.LoggingUtil.info(LoggingUtil.java:38)
	at com.marvel.gps.util.LoggingUtil.info(LoggingUtil.java:34)
	at com.marvel.gps.util.LoggingUtil.info(LoggingUtil.java:38)
	at com.marvel.gps.util.LoggingUtil.info(LoggingUtil.java:34)
	at com.marvel.gps.util.LoggingUtil.info(LoggingUtil.java:38)
	at com.marvel.gps.util.LoggingUtil.info(LoggingUtil.java:34)
	at com.marvel.gps.util.LoggingUtil.info(LoggingUtil.java:38)
	at com.marvel.gps.util.LoggingUtil.info(LoggingUtil.java:34)
	at com.marvel.gps.util.LoggingUtil.info(LoggingUtil.java:38)
	at com.marvel.gps.util.LoggingUtil.info(LoggingUtil.java:34)
	at com.marvel.gps.util.LoggingUtil.info(LoggingUtil.java:38)
	at com.marvel.gps.util.LoggingUtil.info(LoggingUtil.java:34)
	at com.marvel.gps.util.LoggingUtil.info(LoggingUtil.java:38)
	at com.marvel.gps.util.LoggingUtil.info(LoggingUtil.java:34)
	at com.marvel.gps.util.LoggingUtil.info(LoggingUtil.java:38)
	at com.marvel.gps.util.LoggingUtil.info(LoggingUtil.java:34)
	at com.marvel.gps.util.LoggingUtil.info(LoggingUtil.java:38)
	at com.marvel.gps.util.LoggingUtil.info(LoggingUtil.java:34)
	at com.marvel.gps.util.LoggingUtil.info(LoggingUtil.java:38)
	at com.marvel.gps.util.LoggingUtil.info(LoggingUtil.java:34)
	at com.marvel.gps.util.LoggingUtil.info(LoggingUtil.java:38)
	at com.marvel.gps.util.LoggingUtil.info(LoggingUtil.java:34)
	at com.marvel.gps.util.LoggingUtil.info(LoggingUtil.java:38)
	at com.marvel.gps.util.LoggingUtil.info(LoggingUtil.java:34)
	at com.marvel.gps.util.LoggingUtil.info(LoggingUtil.java:38)
	at com.marvel.gps.util.LoggingUtil.info(LoggingUtil.java:34)
	at com.marvel.gps.util.LoggingUtil.info(LoggingUtil.java:38)
	at com.marvel.gps.util.LoggingUtil.info(LoggingUtil.java:34)
	at com.marvel.gps.util.LoggingUtil.info(LoggingUtil.java:38)
	at com.marvel.gps.util.LoggingUtil.info(LoggingUtil.java:34)
	at com.marvel.gps.util.LoggingUtil.info(LoggingUtil.java:38)
	at com.marvel.gps.util.LoggingUtil.info(LoggingUtil.java:34)
	at com.marvel.gps.util.LoggingUtil.info(LoggingUtil.java:38)
	at com.marvel.gps.util.LoggingUtil.info(LoggingUtil.java:34)
	at com.marvel.gps.util.LoggingUtil.info(LoggingUtil.java:38)
	at com.marvel.gps.util.LoggingUtil.info(LoggingUtil.java:34)
	at com.marvel.gps.util.LoggingUtil.info(LoggingUtil.java:38)
	at com.marvel.gps.util.LoggingUtil.info(LoggingUtil.java:34)
	at com.marvel.gps.util.LoggingUtil.info(LoggingUtil.java:38)
	at com.marvel.gps.util.LoggingUtil.info(LoggingUtil.java:34)
	at com.marvel.gps.util.LoggingUtil.info(LoggingUtil.java:38)
	at com.marvel.gps.util.LoggingUtil.info(LoggingUtil.java:34)
	at com.marvel.gps.util.LoggingUtil.info(LoggingUtil.java:38)
	at com.marvel.gps.util.LoggingUtil.info(LoggingUtil.java:34)
	at com.marvel.gps.util.LoggingUtil.info(LoggingUtil.java:38)
	at com.marvel.gps.util.LoggingUtil.info(LoggingUtil.java:34)
	at com.marvel.gps.util.LoggingUtil.info(LoggingUtil.java:38)
	at com.marvel.gps.util.LoggingUtil.info(LoggingUtil.java:34)
	at com.marvel.gps.util.LoggingUtil.info(LoggingUtil.java:38)
	at com.marvel.gps.util.LoggingUtil.info(LoggingUtil.java:34)
	at com.marvel.gps.util.LoggingUtil.info(LoggingUtil.java:38)
	at com.marvel.gps.util.LoggingUtil.info(LoggingUtil.java:34)
	at com.marvel.gps.util.LoggingUtil.info(LoggingUtil.java:38)
	at com.marvel.gps.util.LoggingUtil.info(LoggingUtil.java:34)
	at com.marvel.gps.util.LoggingUtil.info(LoggingUtil.java:38)
	at com.marvel.gps.util.LoggingUtil.info(LoggingUtil.java:34)
	at com.marvel.gps.util.LoggingUtil.info(LoggingUtil.java:38)
	at com.marvel.gps.util.LoggingUtil.info(LoggingUtil.java:34)
	at com.marvel.gps.util.LoggingUtil.info(LoggingUtil.java:38)
	at com.marvel.gps.util.LoggingUtil.info(LoggingUtil.java:34)
	at com.marvel.gps.util.LoggingUtil.info(LoggingUtil.java:38)
	at com.marvel.gps.util.LoggingUtil.info(LoggingUtil.java:34)
	at com.marvel.gps.util.LoggingUtil.info(LoggingUtil.java:38)
	at com.marvel.gps.util.LoggingUtil.info(LoggingUtil.java:34)
	at com.marvel.gps.util.LoggingUtil.info(LoggingUtil.java:38)
	at com.marvel.gps.util.LoggingUtil.info(LoggingUtil.java:34)
	at com.marvel.gps.util.LoggingUtil.info(LoggingUtil.java:38)
	at com.marvel.gps.util.LoggingUtil.info(LoggingUtil.java:34)
	at com.marvel.gps.util.LoggingUtil.info(LoggingUtil.java:38)
	at com.marvel.gps.util.LoggingUtil.info(LoggingUtil.java:34)
	at com.marvel.gps.util.LoggingUtil.info(LoggingUtil.java:38)
	at com.marvel.gps.util.LoggingUtil.info(LoggingUtil.java:34)
	at com.marvel.gps.util.LoggingUtil.info(LoggingUtil.java:38)
	at com.marvel.gps.util.LoggingUtil.info(LoggingUtil.java:34)
	at com.marvel.gps.util.LoggingUtil.info(LoggingUtil.java:38)
	at com.marvel.gps.util.LoggingUtil.info(LoggingUtil.java:34)
	at com.marvel.gps.util.LoggingUtil.info(LoggingUtil.java:38)
	at com.marvel.gps.util.LoggingUtil.info(LoggingUtil.java:34)
	at com.marvel.gps.util.LoggingUtil.info(LoggingUtil.java:38)
	at com.marvel.gps.util.LoggingUtil.info(LoggingUtil.java:34)
	at com.marvel.gps.util.LoggingUtil.info(LoggingUtil.java:38)
	at com.marvel.gps.util.LoggingUtil.info(LoggingUtil.java:34)
	at com.marvel.gps.util.LoggingUtil.info(LoggingUtil.java:38)
	at com.marvel.gps.util.LoggingUtil.info(LoggingUtil.java:34)
	at com.marvel.gps.util.LoggingUtil.info(LoggingUtil.java:38)
	at com.marvel.gps.util.LoggingUtil.info(LoggingUtil.java:34)
	at com.marvel.gps.util.LoggingUtil.info(LoggingUtil.java:38)
	at com.marvel.gps.util.LoggingUtil.info(LoggingUtil.java:34)
	at com.marvel.gps.util.LoggingUtil.info(LoggingUtil.java:38)
	at com.marvel.gps.util.LoggingUtil.info(LoggingUtil.java:34)
	at com.marvel.gps.util.LoggingUtil.info(LoggingUtil.java:38)
	at com.marvel.gps.util.LoggingUtil.info(LoggingUtil.java:34)
	at com.marvel.gps.util.LoggingUtil.info(LoggingUtil.java:38)
	at com.marvel.gps.util.LoggingUtil.info(LoggingUtil.java:34)
	at com.marvel.gps.util.LoggingUtil.info(LoggingUtil.java:38)
	at com.marvel.gps.util.LoggingUtil.info(LoggingUtil.java:34)
	at com.marvel.gps.util.LoggingUtil.info(LoggingUtil.java:38)
	at com.marvel.gps.util.LoggingUtil.info(LoggingUtil.java:34)
	at com.marvel.gps.util.LoggingUtil.info(LoggingUtil.java:38)
	at com.marvel.gps.util.LoggingUtil.info(LoggingUtil.java:34)
	at com.marvel.gps.util.LoggingUtil.info(LoggingUtil.java:38)
	at com.marvel.gps.util.LoggingUtil.info(LoggingUtil.java:34)
	at com.marvel.gps.util.LoggingUtil.info(LoggingUtil.java:38)
	at com.marvel.gps.util.LoggingUtil.info(LoggingUtil.java:34)
	at com.marvel.gps.util.LoggingUtil.info(LoggingUtil.java:38)
	at com.marvel.gps.util.LoggingUtil.info(LoggingUtil.java:34)
	at com.marvel.gps.util.LoggingUtil.info(LoggingUtil.java:38)
	at com.marvel.gps.util.LoggingUtil.info(LoggingUtil.java:34)
	at com.marvel.gps.util.LoggingUtil.info(LoggingUtil.java:38)
	at com.marvel.gps.util.LoggingUtil.info(LoggingUtil.java:34)
	at com.marvel.gps.util.LoggingUtil.info(LoggingUtil.java:38)
	at com.marvel.gps.util.LoggingUtil.info(LoggingUtil.java:34)
	at com.marvel.gps.util.LoggingUtil.info(LoggingUtil.java:38)
	at com.marvel.gps.util.LoggingUtil.info(LoggingUtil.java:34)
	at com.marvel.gps.util.LoggingUtil.info(LoggingUtil.java:38)
	at com.marvel.gps.util.LoggingUtil.info(LoggingUtil.java:34)
	at com.marvel.gps.util.LoggingUtil.info(LoggingUtil.java:38)
	at com.marvel.gps.util.LoggingUtil.info(LoggingUtil.java:34)
	at com.marvel.gps.util.LoggingUtil.info(LoggingUtil.java:38)
	at com.marvel.gps.util.LoggingUtil.info(LoggingUtil.java:34)
	at com.marvel.gps.util.LoggingUtil.info(LoggingUtil.java:38)
	at com.marvel.gps.util.LoggingUtil.info(LoggingUtil.java:34)
	at com.marvel.gps.util.LoggingUtil.info(LoggingUtil.java:38)
	at com.marvel.gps.util.LoggingUtil.info(LoggingUtil.java:34)
	at com.marvel.gps.util.LoggingUtil.info(LoggingUtil.java:38)
	at com.marvel.gps.util.LoggingUtil.info(LoggingUtil.java:34)
	at com.marvel.gps.util.LoggingUtil.info(LoggingUtil.java:38)
	at com.marvel.gps.util.LoggingUtil.info(LoggingUtil.java:34)
	at com.marvel.gps.util.LoggingUtil.info(LoggingUtil.java:38)
	at com.marvel.gps.util.LoggingUtil.info(LoggingUtil.java:34)
	at com.marvel.gps.util.LoggingUtil.info(LoggingUtil.java:38)
	at com.marvel.gps.util.LoggingUtil.info(LoggingUtil.java:34)
	at com.marvel.gps.util.LoggingUtil.info(LoggingUtil.java:38)
	at com.marvel.gps.util.LoggingUtil.info(LoggingUtil.java:34)
	at com.marvel.gps.util.LoggingUtil.info(LoggingUtil.java:38)
	at com.marvel.gps.util.LoggingUtil.info(LoggingUtil.java:34)
	at com.marvel.gps.util.LoggingUtil.info(LoggingUtil.java:38)
	at com.marvel.gps.util.LoggingUtil.info(LoggingUtil.java:34)
	at com.marvel.gps.util.LoggingUtil.info(LoggingUtil.java:38)
	at com.marvel.gps.util.LoggingUtil.info(LoggingUtil.java:34)
	at com.marvel.gps.util.LoggingUtil.info(LoggingUtil.java:38)
	at com.marvel.gps.util.LoggingUtil.info(LoggingUtil.java:34)
	at com.marvel.gps.util.LoggingUtil.info(LoggingUtil.java:38)
	at com.marvel.gps.util.LoggingUtil.info(LoggingUtil.java:34)
	at com.marvel.gps.util.LoggingUtil.info(LoggingUtil.java:38)
	at com.marvel.gps.util.LoggingUtil.info(LoggingUtil.java:34)
	at com.marvel.gps.util.LoggingUtil.info(LoggingUtil.java:38)
	at com.marvel.gps.util.LoggingUtil.info(LoggingUtil.java:34)
	at com.marvel.gps.util.LoggingUtil.info(LoggingUtil.java:38)
	at com.marvel.gps.util.LoggingUtil.info(LoggingUtil.java:34)
	at com.marvel.gps.util.LoggingUtil.info(LoggingUtil.java:38)
	at com.marvel.gps.util.LoggingUtil.info(LoggingUtil.java:34)
	at com.marvel.gps.util.LoggingUtil.info(LoggingUtil.java:38)
	at com.marvel.gps.util.LoggingUtil.info(LoggingUtil.java:34)
	at com.marvel.gps.util.LoggingUtil.info(LoggingUtil.java:38)
	at com.marvel.gps.util.LoggingUtil.info(LoggingUtil.java:34)
	at com.marvel.gps.util.LoggingUtil.info(LoggingUtil.java:38)
	at com.marvel.gps.util.LoggingUtil.info(LoggingUtil.java:34)
	at com.marvel.gps.util.LoggingUtil.info(LoggingUtil.java:38)
	at com.marvel.gps.util.LoggingUtil.info(LoggingUtil.java:34)
	at com.marvel.gps.util.LoggingUtil.info(LoggingUtil.java:38)
	at com.marvel.gps.util.LoggingUtil.info(LoggingUtil.java:34)
	at com.marvel.gps.util.LoggingUtil.info(LoggingUtil.java:38)
	at com.marvel.gps.util.LoggingUtil.info(LoggingUtil.java:34)
	at com.marvel.gps.util.LoggingUtil.info(LoggingUtil.java:38)
	at com.marvel.gps.util.LoggingUtil.info(LoggingUtil.java:34)
	at com.marvel.gps.util.LoggingUtil.info(LoggingUtil.java:38)
	at com.marvel.gps.util.LoggingUtil.info(LoggingUtil.java:34)
	at com.marvel.gps.util.LoggingUtil.info(LoggingUtil.java:38)
	at com.marvel.gps.util.LoggingUtil.info(LoggingUtil.java:34)
	at com.marvel.gps.util.LoggingUtil.info(LoggingUtil.java:38)
	at com.marvel.gps.util.LoggingUtil.info(LoggingUtil.java:34)
	at com.marvel.gps.util.LoggingUtil.info(LoggingUtil.java:38)
	at com.marvel.gps.util.LoggingUtil.info(LoggingUtil.java:34)
	at com.marvel.gps.util.LoggingUtil.info(LoggingUtil.java:38)
	at com.marvel.gps.util.LoggingUtil.info(LoggingUtil.java:34)
	at com.marvel.gps.util.LoggingUtil.info(LoggingUtil.java:38)
	at com.marvel.gps.util.LoggingUtil.info(LoggingUtil.java:34)
	at com.marvel.gps.util.LoggingUtil.info(LoggingUtil.java:38)
	at com.marvel.gps.util.LoggingUtil.info(LoggingUtil.java:34)
	at com.marvel.gps.util.LoggingUtil.info(LoggingUtil.java:38)
	at com.marvel.gps.util.LoggingUtil.info(LoggingUtil.java:34)
	at com.marvel.gps.util.LoggingUtil.info(LoggingUtil.java:38)
	at com.marvel.gps.util.LoggingUtil.info(LoggingUtil.java:34)
	at com.marvel.gps.util.LoggingUtil.info(LoggingUtil.java:38)
	at com.marvel.gps.util.LoggingUtil.info(LoggingUtil.java:34)
	at com.marvel.gps.util.LoggingUtil.info(LoggingUtil.java:38)
	at com.marvel.gps.util.LoggingUtil.info(LoggingUtil.java:34)
	at com.marvel.gps.util.LoggingUtil.info(LoggingUtil.java:38)
	at com.marvel.gps.util.LoggingUtil.info(LoggingUtil.java:34)
	at com.marvel.gps.util.LoggingUtil.info(LoggingUtil.java:38)
	at com.marvel.gps.util.LoggingUtil.info(LoggingUtil.java:34)
	at com.marvel.gps.util.LoggingUtil.info(LoggingUtil.java:38)
	at com.marvel.gps.util.LoggingUtil.info(LoggingUtil.java:34)
	at com.marvel.gps.util.LoggingUtil.info(LoggingUtil.java:38)
	at com.marvel.gps.util.LoggingUtil.info(LoggingUtil.java:34)
	at com.marvel.gps.util.LoggingUtil.info(LoggingUtil.java:38)
	at com.marvel.gps.util.LoggingUtil.info(LoggingUtil.java:34)
	at com.marvel.gps.util.LoggingUtil.info(LoggingUtil.java:38)
	at com.marvel.gps.util.LoggingUtil.info(LoggingUtil.java:34)
	at com.marvel.gps.util.LoggingUtil.info(LoggingUtil.java:38)
	at com.marvel.gps.util.LoggingUtil.info(LoggingUtil.java:34)
	at com.marvel.gps.util.LoggingUtil.info(LoggingUtil.java:38)
	at com.marvel.gps.util.LoggingUtil.info(LoggingUtil.java:34)
	at com.marvel.gps.util.LoggingUtil.info(LoggingUtil.java:38)
	at com.marvel.gps.util.LoggingUtil.info(LoggingUtil.java:34)
	at com.marvel.gps.util.LoggingUtil.info(LoggingUtil.java:38)
	at com.marvel.gps.util.LoggingUtil.info(LoggingUtil.java:34)
	at com.marvel.gps.util.LoggingUtil.info(LoggingUtil.java:38)
	at com.marvel.gps.util.LoggingUtil.info(LoggingUtil.java:34)
	at com.marvel.gps.util.LoggingUtil.info(LoggingUtil.java:38)
	at com.marvel.gps.util.LoggingUtil.info(LoggingUtil.java:34)
	at com.marvel.gps.util.LoggingUtil.info(LoggingUtil.java:38)
	at com.marvel.gps.util.LoggingUtil.info(LoggingUtil.java:34)
	at com.marvel.gps.util.LoggingUtil.info(LoggingUtil.java:38)
	at com.marvel.gps.util.LoggingUtil.info(LoggingUtil.java:34)
	at com.marvel.gps.util.LoggingUtil.info(LoggingUtil.java:38)
	at com.marvel.gps.util.LoggingUtil.info(LoggingUtil.java:34)
	at com.marvel.gps.util.LoggingUtil.info(LoggingUtil.java:38)
	at com.marvel.gps.util.LoggingUtil.info(LoggingUtil.java:34)
	at com.marvel.gps.util.LoggingUtil.info(LoggingUtil.java:38)
	at com.marvel.gps.util.LoggingUtil.info(LoggingUtil.java:34)
	at com.marvel.gps.util.LoggingUtil.info(LoggingUtil.java:38)
	at com.marvel.gps.util.LoggingUtil.info(LoggingUtil.java:34)
	at com.marvel.gps.util.LoggingUtil.info(LoggingUtil.java:38)
	at com.marvel.gps.util.LoggingUtil.info(LoggingUtil.java:34)
	at com.marvel.gps.util.LoggingUtil.info(LoggingUtil.java:38)
	at com.marvel.gps.util.LoggingUtil.info(LoggingUtil.java:34)
	at com.marvel.gps.util.LoggingUtil.info(LoggingUtil.java:38)
	at com.marvel.gps.util.LoggingUtil.info(LoggingUtil.java:34)
	at com.marvel.gps.util.LoggingUtil.info(LoggingUtil.java:38)
	at com.marvel.gps.util.LoggingUtil.info(LoggingUtil.java:34)
	at com.marvel.gps.util.LoggingUtil.info(LoggingUtil.java:38)
	at com.marvel.gps.util.LoggingUtil.info(LoggingUtil.java:34)
	at com.marvel.gps.util.LoggingUtil.info(LoggingUtil.java:38)
	at com.marvel.gps.util.LoggingUtil.info(LoggingUtil.java:34)
	at com.marvel.gps.util.LoggingUtil.info(LoggingUtil.java:38)
	at com.marvel.gps.util.LoggingUtil.info(LoggingUtil.java:34)
	at com.marvel.gps.util.LoggingUtil.info(LoggingUtil.java:38)
	at com.marvel.gps.util.LoggingUtil.info(LoggingUtil.java:34)
	at com.marvel.gps.util.LoggingUtil.info(LoggingUtil.java:38)
	at com.marvel.gps.util.LoggingUtil.info(LoggingUtil.java:34)
	at com.marvel.gps.util.LoggingUtil.info(LoggingUtil.java:38)
	at com.marvel.gps.util.LoggingUtil.info(LoggingUtil.java:34)
	at com.marvel.gps.util.LoggingUtil.info(LoggingUtil.java:38)
	at com.marvel.gps.util.LoggingUtil.info(LoggingUtil.java:34)
	at com.marvel.gps.util.LoggingUtil.info(LoggingUtil.java:38)
	at com.marvel.gps.util.LoggingUtil.info(LoggingUtil.java:34)
	at com.marvel.gps.util.LoggingUtil.info(LoggingUtil.java:38)
	at com.marvel.gps.util.LoggingUtil.info(LoggingUtil.java:34)
	at com.marvel.gps.util.LoggingUtil.info(LoggingUtil.java:38)
	at com.marvel.gps.util.LoggingUtil.info(LoggingUtil.java:34)
	at com.marvel.gps.util.LoggingUtil.info(LoggingUtil.java:38)
	at com.marvel.gps.util.LoggingUtil.info(LoggingUtil.java:34)
	at com.marvel.gps.util.LoggingUtil.info(LoggingUtil.java:38)
	at com.marvel.gps.util.LoggingUtil.info(LoggingUtil.java:34)
	at com.marvel.gps.util.LoggingUtil.info(LoggingUtil.java:38)
	at com.marvel.gps.util.LoggingUtil.info(LoggingUtil.java:34)
	at com.marvel.gps.util.LoggingUtil.info(LoggingUtil.java:38)
	at com.marvel.gps.util.LoggingUtil.info(LoggingUtil.java:34)
	at com.marvel.gps.util.LoggingUtil.info(LoggingUtil.java:38)
	at com.marvel.gps.util.LoggingUtil.info(LoggingUtil.java:34)
	at com.marvel.gps.util.LoggingUtil.info(LoggingUtil.java:38)
	at com.marvel.gps.util.LoggingUtil.info(LoggingUtil.java:34)
	at com.marvel.gps.util.LoggingUtil.info(LoggingUtil.java:38)
	at com.marvel.gps.util.LoggingUtil.info(LoggingUtil.java:34)
	at com.marvel.gps.util.LoggingUtil.info(LoggingUtil.java:38)
	at com.marvel.gps.util.LoggingUtil.info(LoggingUtil.java:34)
	at com.marvel.gps.util.LoggingUtil.info(LoggingUtil.java:38)
	at com.marvel.gps.util.LoggingUtil.info(LoggingUtil.java:34)
	at com.marvel.gps.util.LoggingUtil.info(LoggingUtil.java:38)
	at com.marvel.gps.util.LoggingUtil.info(LoggingUtil.java:34)
	at com.marvel.gps.util.LoggingUtil.info(LoggingUtil.java:38)
	at com.marvel.gps.util.LoggingUtil.info(LoggingUtil.java:34)
	at com.marvel.gps.util.LoggingUtil.info(LoggingUtil.java:38)
	at com.marvel.gps.util.LoggingUtil.info(LoggingUtil.java:34)
	at com.marvel.gps.util.LoggingUtil.info(LoggingUtil.java:38)
	at com.marvel.gps.util.LoggingUtil.info(LoggingUtil.java:34)
	at com.marvel.gps.util.LoggingUtil.info(LoggingUtil.java:38)
	at com.marvel.gps.util.LoggingUtil.info(LoggingUtil.java:34)
	at com.marvel.gps.util.LoggingUtil.info(LoggingUtil.java:38)
	at com.marvel.gps.util.LoggingUtil.info(LoggingUtil.java:34)
	at com.marvel.gps.util.LoggingUtil.info(LoggingUtil.java:38)
	at com.marvel.gps.util.LoggingUtil.info(LoggingUtil.java:34)
	at com.marvel.gps.util.LoggingUtil.info(LoggingUtil.java:38)
	at com.marvel.gps.util.LoggingUtil.info(LoggingUtil.java:34)
	at com.marvel.gps.util.LoggingUtil.info(LoggingUtil.java:38)
	at com.marvel.gps.util.LoggingUtil.info(LoggingUtil.java:34)
	at com.marvel.gps.util.LoggingUtil.info(LoggingUtil.java:38)
	at com.marvel.gps.util.LoggingUtil.info(LoggingUtil.java:34)
	at com.marvel.gps.util.LoggingUtil.info(LoggingUtil.java:38)
	at com.marvel.gps.util.LoggingUtil.info(LoggingUtil.java:34)
	at com.marvel.gps.util.LoggingUtil.info(LoggingUtil.java:38)
	at com.marvel.gps.util.LoggingUtil.info(LoggingUtil.java:34)
	at com.marvel.gps.util.LoggingUtil.info(LoggingUtil.java:38)
	at com.marvel.gps.util.LoggingUtil.info(LoggingUtil.java:34)
	at com.marvel.gps.util.LoggingUtil.info(LoggingUtil.java:38)
	at com.marvel.gps.util.LoggingUtil.info(LoggingUtil.java:34)
	at com.marvel.gps.util.LoggingUtil.info(LoggingUtil.java:38)
	at com.marvel.gps.util.LoggingUtil.info(LoggingUtil.java:34)
	at com.marvel.gps.util.LoggingUtil.info(LoggingUtil.java:38)
	at com.marvel.gps.util.LoggingUtil.info(LoggingUtil.java:34)
	at com.marvel.gps.util.LoggingUtil.info(LoggingUtil.java:38)
	at com.marvel.gps.util.LoggingUtil.info(LoggingUtil.java:34)
	at com.marvel.gps.util.LoggingUtil.info(LoggingUtil.java:38)
	at com.marvel.gps.util.LoggingUtil.info(LoggingUtil.java:34)
	at com.marvel.gps.util.LoggingUtil.info(LoggingUtil.java:38)
	at com.marvel.gps.util.LoggingUtil.info(LoggingUtil.java:34)
	at com.marvel.gps.util.LoggingUtil.info(LoggingUtil.java:38)
	at com.marvel.gps.util.LoggingUtil.info(LoggingUtil.java:34)
	at com.marvel.gps.util.LoggingUtil.info(LoggingUtil.java:38)
	at com.marvel.gps.util.LoggingUtil.info(LoggingUtil.java:34)
	at com.marvel.gps.util.LoggingUtil.info(LoggingUtil.java:38)
	at com.marvel.gps.util.LoggingUtil.info(LoggingUtil.java:34)
	at com.marvel.gps.util.LoggingUtil.info(LoggingUtil.java:38)
	at com.marvel.gps.util.LoggingUtil.info(LoggingUtil.java:34)
	at com.marvel.gps.util.LoggingUtil.info(LoggingUtil.java:38)
	at com.marvel.gps.util.LoggingUtil.info(LoggingUtil.java:34)
	at com.marvel.gps.util.LoggingUtil.info(LoggingUtil.java:38)
	at com.marvel.gps.util.LoggingUtil.info(LoggingUtil.java:34)
	at com.marvel.gps.util.LoggingUtil.info(LoggingUtil.java:38)
	at com.marvel.gps.util.LoggingUtil.info(LoggingUtil.java:34)
	at com.marvel.gps.util.LoggingUtil.info(LoggingUtil.java:38)
	at com.marvel.gps.util.LoggingUtil.info(LoggingUtil.java:34)
	at com.marvel.gps.util.LoggingUtil.info(LoggingUtil.java:38)
	at com.marvel.gps.util.LoggingUtil.info(LoggingUtil.java:34)
	at com.marvel.gps.util.LoggingUtil.info(LoggingUtil.java:38)
	at com.marvel.gps.util.LoggingUtil.info(LoggingUtil.java:34)
	at com.marvel.gps.util.LoggingUtil.info(LoggingUtil.java:38)
	at com.marvel.gps.util.LoggingUtil.info(LoggingUtil.java:34)
	at com.marvel.gps.util.LoggingUtil.info(LoggingUtil.java:38)
	at com.marvel.gps.util.LoggingUtil.info(LoggingUtil.java:34)
	at com.marvel.gps.util.LoggingUtil.info(LoggingUtil.java:38)
	at com.marvel.gps.util.LoggingUtil.info(LoggingUtil.java:34)
	at com.marvel.gps.util.LoggingUtil.info(LoggingUtil.java:38)
	at com.marvel.gps.util.LoggingUtil.info(LoggingUtil.java:34)
	at com.marvel.gps.util.LoggingUtil.info(LoggingUtil.java:38)
	at com.marvel.gps.util.LoggingUtil.info(LoggingUtil.java:34)
	at com.marvel.gps.util.LoggingUtil.info(LoggingUtil.java:38)
	at com.marvel.gps.util.LoggingUtil.info(LoggingUtil.java:34)
	at com.marvel.gps.util.LoggingUtil.info(LoggingUtil.java:38)
	at com.marvel.gps.util.LoggingUtil.info(LoggingUtil.java:34)
	at com.marvel.gps.util.LoggingUtil.info(LoggingUtil.java:38)
	at com.marvel.gps.util.LoggingUtil.info(LoggingUtil.java:34)
	at com.marvel.gps.util.LoggingUtil.info(LoggingUtil.java:38)
	at com.marvel.gps.util.LoggingUtil.info(LoggingUtil.java:34)
	at com.marvel.gps.util.LoggingUtil.info(LoggingUtil.java:38)
	at com.marvel.gps.util.LoggingUtil.info(LoggingUtil.java:34)
	at com.marvel.gps.util.LoggingUtil.info(LoggingUtil.java:38)
	at com.marvel.gps.util.LoggingUtil.info(LoggingUtil.java:34)
2019-12-26 23:47:05,021 INFO org.springframework.scheduling.concurrent.ExecutorConfigurationSupport [Thread-12] Shutting down ExecutorService 'applicationTaskExecutor'
2019-12-26 23:47:05,024 INFO org.springframework.orm.jpa.AbstractEntityManagerFactoryBean [Thread-12] Closing JPA EntityManagerFactory for persistence unit 'default'
2019-12-26 23:47:05,027 INFO com.zaxxer.hikari.HikariDataSource [Thread-12] HikariPool-1 - Shutdown initiated...
2019-12-26 23:47:05,032 INFO com.zaxxer.hikari.HikariDataSource [Thread-12] HikariPool-1 - Shutdown completed.
2019-12-26 23:47:05,040 INFO org.eclipse.jetty.server.AbstractConnector [Thread-12] Stopped ServerConnector@2cdd0d4b{HTTP/1.1,[http/1.1]}{0.0.0.0:8081}
2019-12-26 23:47:05,040 INFO org.eclipse.jetty.server.session.HouseKeeper [Thread-12] node0 Stopped scavenging
2019-12-26 23:47:05,043 INFO org.eclipse.jetty.server.handler.ContextHandler$Context [Thread-12] Destroying Spring FrameworkServlet 'dispatcherServlet'
2019-12-26 23:47:05,044 INFO org.eclipse.jetty.server.handler.ContextHandler [Thread-12] Stopped o.s.b.w.e.j.JettyEmbeddedWebAppContext@37654521{application,/,[file:///private/var/folders/jm/6wbg86m14ls3y573xtjkhjkr0000gp/T/jetty-docbase.2652060521788530604.8081/, jar:file:/Users/akshayas/Documents/workspace-sts-3.9.0.RELEASE/GlobalProvisioningService/target/global-provisioning-0.0.1-SNAPSHOT.jar!/BOOT-INF/lib/springfox-swagger-ui-2.7.0.jar!/META-INF/resources],UNAVAILABLE}
2019-12-26 23:47:52,735 INFO org.springframework.boot.StartupInfoLogger [main] Starting GlobalProvisioningServiceApplication v0.0.1-SNAPSHOT on C02V400GHTD6 with PID 28855 (/Users/akshayas/Documents/workspace-sts-3.9.0.RELEASE/GlobalProvisioningService/target/global-provisioning-0.0.1-SNAPSHOT.jar started by akshayas in /Users/akshayas/Documents/workspace-sts-3.9.0.RELEASE/GlobalProvisioningService)
2019-12-26 23:47:52,739 DEBUG org.springframework.boot.StartupInfoLogger [main] Running with Spring Boot v2.1.9.RELEASE, Spring v5.1.10.RELEASE
2019-12-26 23:47:52,740 INFO org.springframework.boot.SpringApplication [main] No active profile set, falling back to default profiles: default
2019-12-26 23:47:53,554 INFO org.springframework.data.repository.config.RepositoryConfigurationDelegate [main] Bootstrapping Spring Data repositories in DEFAULT mode.
2019-12-26 23:47:53,625 INFO org.springframework.data.repository.config.RepositoryConfigurationDelegate [main] Finished Spring Data repository scanning in 64ms. Found 2 repository interfaces.
2019-12-26 23:47:53,971 INFO org.springframework.context.support.PostProcessorRegistrationDelegate$BeanPostProcessorChecker [main] Bean 'org.springframework.transaction.annotation.ProxyTransactionManagementConfiguration' of type [org.springframework.transaction.annotation.ProxyTransactionManagementConfiguration$$EnhancerBySpringCGLIB$$dafa35bc] is not eligible for getting processed by all BeanPostProcessors (for example: not eligible for auto-proxying)
2019-12-26 23:47:54,185 INFO org.eclipse.jetty.util.log.Log [main] Logging initialized @22305ms to org.eclipse.jetty.util.log.Slf4jLog
2019-12-26 23:47:54,283 INFO org.springframework.boot.web.embedded.jetty.JettyServletWebServerFactory [main] Server initialized with port: 8081
2019-12-26 23:47:54,286 INFO org.eclipse.jetty.server.Server [main] jetty-9.4.19.v20190610; built: 2019-06-10T16:30:51.723Z; git: afcf563148970e98786327af5e07c261fda175d3; jvm 1.8.0_144-b01
2019-12-26 23:47:54,328 INFO org.eclipse.jetty.server.handler.ContextHandler$Context [main] Initializing Spring embedded WebApplicationContext
2019-12-26 23:47:54,328 INFO org.springframework.boot.web.servlet.context.ServletWebServerApplicationContext [main] Root WebApplicationContext: initialization completed in 1546 ms
2019-12-26 23:47:54,476 INFO org.eclipse.jetty.server.session.DefaultSessionIdManager [main] DefaultSessionIdManager workerName=node0
2019-12-26 23:47:54,476 INFO org.eclipse.jetty.server.session.DefaultSessionIdManager [main] No SessionScavenger set, using defaults
2019-12-26 23:47:54,478 INFO org.eclipse.jetty.server.session.HouseKeeper [main] node0 Scavenging every 600000ms
2019-12-26 23:47:54,488 INFO org.eclipse.jetty.server.handler.ContextHandler [main] Started o.s.b.w.e.j.JettyEmbeddedWebAppContext@101952da{application,/,[file:///private/var/folders/jm/6wbg86m14ls3y573xtjkhjkr0000gp/T/jetty-docbase.6262248763798784324.8081/, jar:file:/Users/akshayas/Documents/workspace-sts-3.9.0.RELEASE/GlobalProvisioningService/target/global-provisioning-0.0.1-SNAPSHOT.jar!/BOOT-INF/lib/springfox-swagger-ui-2.7.0.jar!/META-INF/resources],AVAILABLE}
2019-12-26 23:47:54,488 INFO org.eclipse.jetty.server.Server [main] Started @22608ms
2019-12-26 23:47:54,730 INFO com.zaxxer.hikari.HikariDataSource [main] HikariPool-1 - Starting...
2019-12-26 23:47:54,822 INFO com.zaxxer.hikari.HikariDataSource [main] HikariPool-1 - Start completed.
2019-12-26 23:47:54,867 INFO org.hibernate.jpa.internal.util.LogHelper [main] HHH000204: Processing PersistenceUnitInfo [
	name: default
	...]
2019-12-26 23:47:54,922 INFO org.hibernate.Version [main] HHH000412: Hibernate Core {5.3.12.Final}
2019-12-26 23:47:54,924 INFO org.hibernate.cfg.Environment [main] HHH000206: hibernate.properties not found
2019-12-26 23:47:55,047 INFO org.hibernate.annotations.common.reflection.java.JavaReflectionManager [main] HCANN000001: Hibernate Commons Annotations {5.0.4.Final}
2019-12-26 23:47:55,248 INFO org.hibernate.dialect.Dialect [main] HHH000400: Using dialect: org.hibernate.dialect.PostgreSQL9Dialect
2019-12-26 23:47:55,261 INFO org.hibernate.engine.jdbc.env.internal.LobCreatorBuilderImpl [main] HHH000422: Disabling contextual LOB creation as connection was null
2019-12-26 23:47:55,266 INFO org.hibernate.type.BasicTypeRegistry [main] HHH000270: Type registration [java.util.UUID] overrides previous : org.hibernate.type.UUIDBinaryType@239a307b
2019-12-26 23:47:55,863 INFO org.hibernate.tool.schema.internal.SchemaCreatorImpl [main] HHH000476: Executing import script 'org.hibernate.tool.schema.internal.exec.ScriptSourceInputNonExistentImpl@4066c471'
2019-12-26 23:47:55,866 INFO org.springframework.orm.jpa.AbstractEntityManagerFactoryBean [main] Initialized JPA EntityManagerFactory for persistence unit 'default'
2019-12-26 23:47:56,460 WARN org.springframework.boot.autoconfigure.orm.jpa.JpaBaseConfiguration$JpaWebConfiguration$JpaWebMvcConfiguration [main] spring.jpa.open-in-view is enabled by default. Therefore, database queries may be performed during view rendering. Explicitly configure spring.jpa.open-in-view to disable this warning
2019-12-26 23:47:56,595 INFO springfox.documentation.spring.web.PropertySourcedRequestMappingHandlerMapping [main] Mapped URL path [/v2/api-docs] onto method [public org.springframework.http.ResponseEntity<springfox.documentation.spring.web.json.Json> springfox.documentation.swagger2.web.Swagger2Controller.getDocumentation(java.lang.String,javax.servlet.http.HttpServletRequest)]
2019-12-26 23:47:57,164 INFO org.springframework.scheduling.concurrent.ExecutorConfigurationSupport [main] Initializing ExecutorService 'applicationTaskExecutor'
2019-12-26 23:47:57,404 INFO springfox.documentation.spring.web.plugins.DocumentationPluginsBootstrapper [main] Context refreshed
2019-12-26 23:47:57,427 INFO springfox.documentation.spring.web.plugins.DocumentationPluginsBootstrapper [main] Found 1 custom documentation plugin(s)
2019-12-26 23:47:57,463 INFO springfox.documentation.spring.web.scanners.ApiListingReferenceScanner [main] Scanning for api listing references
2019-12-26 23:47:57,595 INFO org.eclipse.jetty.server.handler.ContextHandler$Context [main] Initializing Spring DispatcherServlet 'dispatcherServlet'
2019-12-26 23:47:57,595 INFO org.springframework.web.servlet.FrameworkServlet [main] Initializing Servlet 'dispatcherServlet'
2019-12-26 23:47:57,603 INFO org.springframework.web.servlet.FrameworkServlet [main] Completed initialization in 8 ms
2019-12-26 23:47:57,632 INFO org.eclipse.jetty.server.AbstractConnector [main] Started ServerConnector@524d6d96{HTTP/1.1,[http/1.1]}{0.0.0.0:8081}
2019-12-26 23:47:57,634 INFO org.springframework.boot.web.embedded.jetty.JettyWebServer [main] Jetty started on port(s) 8081 (http/1.1) with context path '/'
2019-12-26 23:47:57,636 INFO org.springframework.boot.StartupInfoLogger [main] Started GlobalProvisioningServiceApplication in 25.327 seconds (JVM running for 25.756)
2019-12-26 23:48:03,441 INFO com.marvel.gps.util.LoggingUtil [qtp2030036700-20] Checking if email is already registered akshayas1
2019-12-26 23:48:03,470 INFO org.hibernate.hql.internal.QueryTranslatorFactoryInitiator [qtp2030036700-20] HHH000397: Using ASTQueryTranslatorFactory
2019-12-26 23:48:03,586 INFO com.marvel.gps.util.LoggingUtil [qtp2030036700-20] Checking if mobile number is already registered342324
